This is pdfTeX, Version 3.141592653-2.6-1.40.24 (TeX Live 2022/Debian) (preloaded format=pdflatex 2025.6.14)  14 NOV 2025 00:43
entering extended mode
 restricted \write18 enabled.
 file:line:error style messages enabled.
 %&-line parsing enabled.
**appendix_3.tex
(./appendix_3.tex
LaTeX2e <2022-11-01> patch level 1
L3 programming layer <2023-01-16> (/usr/share/texlive/texmf-dist/tex/latex/base/report.cls
Document Class: report 2022/07/02 v1.4n Standard LaTeX document class
(/usr/share/texlive/texmf-dist/tex/latex/base/size10.clo
File: size10.clo 2022/07/02 v1.4n Standard LaTeX file (size option)
)
\c@part=\count185
\c@chapter=\count186
\c@section=\count187
\c@subsection=\count188
\c@subsubsection=\count189
\c@paragraph=\count190
\c@subparagraph=\count191
\c@figure=\count192
\c@table=\count193
\abovecaptionskip=\skip48
\belowcaptionskip=\skip49
\bibindent=\dimen140
) (/usr/share/texlive/texmf-dist/tex/latex/amsmath/amsmath.sty
Package: amsmath 2022/04/08 v2.17n AMS math features
\@mathmargin=\skip50

For additional information on amsmath, use the `?' option.
(/usr/share/texlive/texmf-dist/tex/latex/amsmath/amstext.sty
Package: amstext 2021/08/26 v2.01 AMS text
 (/usr/share/texlive/texmf-dist/tex/latex/amsmath/amsgen.sty
File: amsgen.sty 1999/11/30 v2.0 generic functions
\@emptytoks=\toks16
\ex@=\dimen141
)) (/usr/share/texlive/texmf-dist/tex/latex/amsmath/amsbsy.sty
Package: amsbsy 1999/11/29 v1.2d Bold Symbols
\pmbraise@=\dimen142
) (/usr/share/texlive/texmf-dist/tex/latex/amsmath/amsopn.sty
Package: amsopn 2022/04/08 v2.04 operator names
)
\inf@bad=\count194
LaTeX Info: Redefining \frac on input line 234.
\uproot@=\count195
\leftroot@=\count196
LaTeX Info: Redefining \overline on input line 399.
LaTeX Info: Redefining \colon on input line 410.
\classnum@=\count197
\DOTSCASE@=\count198
LaTeX Info: Redefining \ldots on input line 496.
LaTeX Info: Redefining \dots on input line 499.
LaTeX Info: Redefining \cdots on input line 620.
\Mathstrutbox@=\box51
\strutbox@=\box52
LaTeX Info: Redefining \big on input line 722.
LaTeX Info: Redefining \Big on input line 723.
LaTeX Info: Redefining \bigg on input line 724.
LaTeX Info: Redefining \Bigg on input line 725.
\big@size=\dimen143
LaTeX Font Info:    Redeclaring font encoding OML on input line 743.
LaTeX Font Info:    Redeclaring font encoding OMS on input line 744.
\macc@depth=\count199
LaTeX Info: Redefining \bmod on input line 905.
LaTeX Info: Redefining \pmod on input line 910.
LaTeX Info: Redefining \smash on input line 940.
LaTeX Info: Redefining \relbar on input line 970.
LaTeX Info: Redefining \Relbar on input line 971.
\c@MaxMatrixCols=\count266
\dotsspace@=\muskip16
\c@parentequation=\count267
\dspbrk@lvl=\count268
\tag@help=\toks17
\row@=\count269
\column@=\count270
\maxfields@=\count271
\andhelp@=\toks18
\eqnshift@=\dimen144
\alignsep@=\dimen145
\tagshift@=\dimen146
\tagwidth@=\dimen147
\totwidth@=\dimen148
\lineht@=\dimen149
\@envbody=\toks19
\multlinegap=\skip51
\multlinetaggap=\skip52
\mathdisplay@stack=\toks20
LaTeX Info: Redefining \[ on input line 2953.
LaTeX Info: Redefining \] on input line 2954.
) (/usr/share/texlive/texmf-dist/tex/latex/mathtools/mathtools.sty
Package: mathtools 2022/06/29 v1.29 mathematical typesetting tools
 (/usr/share/texlive/texmf-dist/tex/latex/graphics/keyval.sty
Package: keyval 2022/05/29 v1.15 key=value parser (DPC)
\KV@toks@=\toks21
) (/usr/share/texlive/texmf-dist/tex/latex/tools/calc.sty
Package: calc 2017/05/25 v4.3 Infix arithmetic (KKT,FJ)
\calc@Acount=\count272
\calc@Bcount=\count273
\calc@Adimen=\dimen150
\calc@Bdimen=\dimen151
\calc@Askip=\skip53
\calc@Bskip=\skip54
LaTeX Info: Redefining \setlength on input line 80.
LaTeX Info: Redefining \addtolength on input line 81.
\calc@Ccount=\count274
\calc@Cskip=\skip55
) (/usr/share/texlive/texmf-dist/tex/latex/mathtools/mhsetup.sty
Package: mhsetup 2021/03/18 v1.4 programming setup (MH)
)
\g_MT_multlinerow_int=\count275
\l_MT_multwidth_dim=\dimen152
\origjot=\skip56
\l_MT_shortvdotswithinadjustabove_dim=\dimen153
\l_MT_shortvdotswithinadjustbelow_dim=\dimen154
\l_MT_above_intertext_sep=\dimen155
\l_MT_below_intertext_sep=\dimen156
\l_MT_above_shortintertext_sep=\dimen157
\l_MT_below_shortintertext_sep=\dimen158
\xmathstrut@box=\box53
\xmathstrut@dim=\dimen159
) (/usr/share/texlive/texmf-dist/tex/latex/amsfonts/amssymb.sty
Package: amssymb 2013/01/14 v3.01 AMS font symbols
 (/usr/share/texlive/texmf-dist/tex/latex/amsfonts/amsfonts.sty
Package: amsfonts 2013/01/14 v3.01 Basic AMSFonts support
\symAMSa=\mathgroup4
\symAMSb=\mathgroup5
LaTeX Font Info:    Redeclaring math symbol \hbar on input line 98.
LaTeX Font Info:    Overwriting math alphabet `\mathfrak' in version `bold'
(Font)                  U/euf/m/n --> U/euf/b/n on input line 106.
)) (/usr/share/texlive/texmf-dist/tex/latex/amscls/amsthm.sty
Package: amsthm 2020/05/29 v2.20.6
\thm@style=\toks22
\thm@bodyfont=\toks23
\thm@headfont=\toks24
\thm@notefont=\toks25
\thm@headpunct=\toks26
\thm@preskip=\skip57
\thm@postskip=\skip58
\thm@headsep=\skip59
\dth@everypar=\toks27
) (/usr/share/texlive/texmf-dist/tex/latex/tools/bm.sty
Package: bm 2022/01/05 v1.2f Bold Symbol Support (DPC/FMi)
\symboldoperators=\mathgroup6
\symboldletters=\mathgroup7
\symboldsymbols=\mathgroup8
Package bm Info: No bold for \OMX/cmex/m/n, using \pmb.
Package bm Info: No bold for \U/msa/m/n, using \pmb.
Package bm Info: No bold for \U/msb/m/n, using \pmb.
LaTeX Font Info:    Redeclaring math alphabet \mathbf on input line 149.
) (/usr/share/texlive/texmf-dist/tex/latex/graphics/graphicx.sty
Package: graphicx 2021/09/16 v1.2d Enhanced LaTeX Graphics (DPC,SPQR)
 (/usr/share/texlive/texmf-dist/tex/latex/graphics/graphics.sty
Package: graphics 2022/03/10 v1.4e Standard LaTeX Graphics (DPC,SPQR)
 (/usr/share/texlive/texmf-dist/tex/latex/graphics/trig.sty
Package: trig 2021/08/11 v1.11 sin cos tan (DPC)
) (/usr/share/texlive/texmf-dist/tex/latex/graphics-cfg/graphics.cfg
File: graphics.cfg 2016/06/04 v1.11 sample graphics configuration
)
Package graphics Info: Driver file: pdftex.def on input line 107.
 (/usr/share/texlive/texmf-dist/tex/latex/graphics-def/pdftex.def
File: pdftex.def 2022/09/22 v1.2b Graphics/color driver for pdftex
))
\Gin@req@height=\dimen160
\Gin@req@width=\dimen161
) (/usr/share/texlive/texmf-dist/tex/latex/l3backend/l3backend-pdftex.def
File: l3backend-pdftex.def 2023-01-16 L3 backend support: PDF output (pdfTeX)
\l__color_backend_stack_int=\count276
\l__pdf_internal_box=\box54
) (./appendix_3.aux)
\openout1 = `appendix_3.aux'.

LaTeX Font Info:    Checking defaults for OML/cmm/m/it on input line 12.
LaTeX Font Info:    ... okay on input line 12.
LaTeX Font Info:    Checking defaults for OMS/cmsy/m/n on input line 12.
LaTeX Font Info:    ... okay on input line 12.
LaTeX Font Info:    Checking defaults for OT1/cmr/m/n on input line 12.
LaTeX Font Info:    ... okay on input line 12.
LaTeX Font Info:    Checking defaults for T1/cmr/m/n on input line 12.
LaTeX Font Info:    ... okay on input line 12.
LaTeX Font Info:    Checking defaults for TS1/cmr/m/n on input line 12.
LaTeX Font Info:    ... okay on input line 12.
LaTeX Font Info:    Checking defaults for OMX/cmex/m/n on input line 12.
LaTeX Font Info:    ... okay on input line 12.
LaTeX Font Info:    Checking defaults for U/cmr/m/n on input line 12.
LaTeX Font Info:    ... okay on input line 12.
 (/usr/share/texlive/texmf-dist/tex/context/base/mkii/supp-pdf.mkii
[Loading MPS to PDF converter (version 2006.09.02).]
\scratchcounter=\count277
\scratchdimen=\dimen162
\scratchbox=\box55
\nofMPsegments=\count278
\nofMParguments=\count279
\everyMPshowfont=\toks28
\MPscratchCnt=\count280
\MPscratchDim=\dimen163
\MPnumerator=\count281
\makeMPintoPDFobject=\count282
\everyMPtoPDFconversion=\toks29
) (/usr/share/texlive/texmf-dist/tex/latex/epstopdf-pkg/epstopdf-base.sty
Package: epstopdf-base 2020-01-24 v2.11 Base part for package epstopdf
Package epstopdf-base Info: Redefining graphics rule for `.eps' on input line 485.
 (/usr/share/texlive/texmf-dist/tex/latex/latexconfig/epstopdf-sys.cfg
File: epstopdf-sys.cfg 2010/07/13 v1.3 Configuration of (r)epstopdf for TeX Live
))
LaTeX Font Info:    Trying to load font information for U+msa on input line 13.
 (/usr/share/texlive/texmf-dist/tex/latex/amsfonts/umsa.fd
File: umsa.fd 2013/01/14 v3.01 AMS symbols A
)
LaTeX Font Info:    Trying to load font information for U+msb on input line 13.
 (/usr/share/texlive/texmf-dist/tex/latex/amsfonts/umsb.fd
File: umsb.fd 2013/01/14 v3.01 AMS symbols B
) [1

{/var/lib/texmf/fonts/map/pdftex/updmap/pdftex.map}] (./appendix_3.toc [1

])
\tf@toc=\write3
\openout3 = `appendix_3.toc'.

 [2]
Appendix A.
[3

] [4]
<./images//3.png, id=29, 349.305pt x 180.675pt>
File: ./images//3.png Graphic file (type png)
<use ./images//3.png>
Package pdftex.def Info: ./images//3.png  used on input line 97.
(pdftex.def)             Requested size: 284.52756pt x 147.17851pt.
 [5 <./images//3.png (PNG copy)>] [6] [7] [8] [9] [10] [11] [12]
<./images//1.png, id=60, 1045.9075pt x 360.34625pt>
File: ./images//1.png Graphic file (type png)
<use ./images//1.png>
Package pdftex.def Info: ./images//1.png  used on input line 360.
(pdftex.def)             Requested size: 284.52756pt x 98.02608pt.
 [13 <./images//1.png>] [14] [15] [16]
<./images//4.png, id=75, 360.59718pt x 319.94531pt>
File: ./images//4.png Graphic file (type png)
<use ./images//4.png>
Package pdftex.def Info: ./images//4.png  used on input line 446.
(pdftex.def)             Requested size: 284.52756pt x 252.45134pt.
 [17 <./images//4.png (PNG copy)>]
File: ./images//4.png Graphic file (type png)
<use ./images//4.png>
Package pdftex.def Info: ./images//4.png  used on input line 486.
(pdftex.def)             Requested size: 284.52756pt x 252.45134pt.
 [18] [19]
<./images//6.png, id=86, 354.57469pt x 307.1475pt>
File: ./images//6.png Graphic file (type png)
<use ./images//6.png>
Package pdftex.def Info: ./images//6.png  used on input line 526.
(pdftex.def)             Requested size: 284.52756pt x 246.47757pt.
 [20 <./images//6.png (PNG copy)>]
<./images//7.png, id=90, 369.63094pt x 505.13719pt>
File: ./images//7.png Graphic file (type png)
<use ./images//7.png>
Package pdftex.def Info: ./images//7.png  used on input line 545.
(pdftex.def)             Requested size: 284.52756pt x 388.83351pt.
 [21 <./images//7.png (PNG copy)>]
<./images//8.png, id=94, 371.13657pt x 424.58624pt>
File: ./images//8.png Graphic file (type png)
<use ./images//8.png>
Package pdftex.def Info: ./images//8.png  used on input line 559.
(pdftex.def)             Requested size: 284.52756pt x 325.50711pt.
 [22 <./images//8.png (PNG copy)>] [23] [24] [25]
<./images//9.png, id=110, 370.38374pt x 362.10281pt>
File: ./images//9.png Graphic file (type png)
<use ./images//9.png>
Package pdftex.def Info: ./images//9.png  used on input line 660.
(pdftex.def)             Requested size: 284.52756pt x 278.16803pt.
 [26 <./images//9.png (PNG copy)>] [27] [28] [29]
<./images//10.png, id=123, 368.87813pt x 414.79968pt>
File: ./images//10.png Graphic file (type png)
<use ./images//10.png>
Package pdftex.def Info: ./images//10.png  used on input line 778.
(pdftex.def)             Requested size: 284.52756pt x 319.9474pt.
<./images//11.png, id=124, 370.38374pt x 113.67468pt>
File: ./images//11.png Graphic file (type png)
<use ./images//11.png>
Package pdftex.def Info: ./images//11.png  used on input line 779.
(pdftex.def)             Requested size: 284.52756pt x 87.32509pt.
 [30 <./images//10.png (PNG copy)> <./images//11.png (PNG copy)>]
<./images//12.png, id=129, 338.01282pt x 162.6075pt>
File: ./images//12.png Graphic file (type png)
<use ./images//12.png>
Package pdftex.def Info: ./images//12.png  used on input line 795.
(pdftex.def)             Requested size: 284.52756pt x 136.88214pt.
 [31 <./images//12.png (PNG copy)>]
<./images//13.png, id=133, 331.2375pt x 109.91063pt>
File: ./images//13.png Graphic file (type png)
<use ./images//13.png>
Package pdftex.def Info: ./images//13.png  used on input line 818.
(pdftex.def)             Requested size: 284.52756pt x 94.41562pt.
<./images//14.png, id=134, 372.64218pt x 185.94469pt>
File: ./images//14.png Graphic file (type png)
<use ./images//14.png>
Package pdftex.def Info: ./images//14.png  used on input line 827.
(pdftex.def)             Requested size: 312.9803pt x 156.17827pt.
 [32 <./images//13.png (PNG copy)> <./images//14.png (PNG copy)>]
<./images//15.png, id=138, 368.87813pt x 324.46219pt>
File: ./images//15.png Graphic file (type png)
<use ./images//15.png>
Package pdftex.def Info: ./images//15.png  used on input line 844.
(pdftex.def)             Requested size: 284.52756pt x 250.26736pt.
 [33 <./images//15.png (PNG copy)>] [34]
<./images//17.png, id=145, 274.77657pt x 116.68594pt>
File: ./images//17.png Graphic file (type png)
<use ./images//17.png>
Package pdftex.def Info: ./images//17.png  used on input line 878.
(pdftex.def)             Requested size: 284.52756pt x 120.8377pt.
 [35 <./images//17.png (PNG copy)>] [36]
<./images//18.png, id=153, 362.85562pt x 272.51813pt>
File: ./images//18.png Graphic file (type png)
<use ./images//18.png>
Package pdftex.def Info: ./images//18.png  used on input line 924.
(pdftex.def)             Requested size: 278.83708pt x 209.41962pt.
<./images//19.png, id=154, 345.54094pt x 289.08pt>
File: ./images//19.png Graphic file (type png)
<use ./images//19.png>
Package pdftex.def Info: ./images//19.png  used on input line 925.
(pdftex.def)             Requested size: 284.52756pt x 238.0396pt.
 [37 <./images//18.png (PNG copy)> <./images//19.png (PNG copy)>]
<./images//20.png, id=158, 368.87813pt x 441.14813pt>
File: ./images//20.png Graphic file (type png)
<use ./images//20.png>
Package pdftex.def Info: ./images//20.png  used on input line 930.
(pdftex.def)             Requested size: 312.9803pt x 374.2978pt.
 [38 <./images//20.png (PNG copy)>]
<./images//21.png, id=162, 362.85562pt x 216.05719pt>
File: ./images//21.png Graphic file (type png)
<use ./images//21.png>
Package pdftex.def Info: ./images//21.png  used on input line 957.
(pdftex.def)             Requested size: 341.43306pt x 203.30475pt.
 [39 <./images//21.png (PNG copy)>]
<./images//22.png, id=166, 364.36125pt x 178.41656pt>
File: ./images//22.png Graphic file (type png)
<use ./images//22.png>
Package pdftex.def Info: ./images//22.png  used on input line 971.
(pdftex.def)             Requested size: 312.9803pt x 153.26372pt.
 [40 <./images//22.png (PNG copy)>]
<./images//23.png, id=171, 370.38374pt x 152.82094pt>
File: ./images//23.png Graphic file (type png)
<use ./images//23.png>
Package pdftex.def Info: ./images//23.png  used on input line 999.
(pdftex.def)             Requested size: 341.43306pt x 140.87677pt.
 [41 <./images//23.png (PNG copy)>] [42]
<./images//2.png, id=179, 1081.03876pt x 577.15625pt>
File: ./images//2.png Graphic file (type png)
<use ./images//2.png>
Package pdftex.def Info: ./images//2.png  used on input line 1082.
(pdftex.def)             Requested size: 284.52756pt x 151.90648pt.
 [43 <./images//2.png>] [44] [45] [46] [47]
Appendix B.
[48

] [49] [50] [51] (./appendix_3.aux) ) 
Here is how much of TeX's memory you used:
 3678 strings out of 476091
 56494 string characters out of 5794081
 1863330 words of memory out of 5000000
 24014 multiletter control sequences out of 15000+600000
 528479 words of font info for 91 fonts, out of 8000000 for 9000
 1141 hyphenation exceptions out of 8191
 57i,13n,62p,299b,300s stack positions out of 10000i,1000n,20000p,200000b,200000s
</usr/share/texlive/texmf-dist/fonts/type1/public/amsfonts/cm/cmbx10.pfb></usr/share/texlive/texmf-dist/fonts/type1/public/amsfonts/cm/cmbx12.pfb></usr/share/texlive/texmf-dist/fonts/type1/public/amsfonts/cm/cmex10.pfb></usr/share/texlive/texmf-dist/fonts/type1/public/amsfonts/cm/cmmi10.pfb></usr/share/texlive/texmf-dist/fonts/type1/public/amsfonts/cm/cmmi12.pfb></usr/share/texlive/texmf-dist/fonts/type1/public/amsfonts/cm/cmmi5.pfb></usr/share/texlive/texmf-dist/fonts/type1/public/amsfonts/cm/cmmi7.pfb></usr/share/texlive/texmf-dist/fonts/type1/public/amsfonts/cm/cmmib10.pfb></usr/share/texlive/texmf-dist/fonts/type1/public/amsfonts/cm/cmr10.pfb></usr/share/texlive/texmf-dist/fonts/type1/public/amsfonts/cm/cmr12.pfb></usr/share/texlive/texmf-dist/fonts/type1/public/amsfonts/cm/cmr17.pfb></usr/share/texlive/texmf-dist/fonts/type1/public/amsfonts/cm/cmr5.pfb></usr/share/texlive/texmf-dist/fonts/type1/public/amsfonts/cm/cmr7.pfb></usr/share/texlive/texmf-dist/fonts/type1/public/amsfonts/cm/cmsy10.pfb></usr/share/texlive/texmf-dist/fonts/type1/public/amsfonts/cm/cmsy7.pfb></usr/share/texlive/texmf-dist/fonts/type1/public/amsfonts/cm/cmti10.pfb></usr/share/texlive/texmf-dist/fonts/type1/public/amsfonts/symbols/msbm10.pfb></usr/share/texlive/texmf-dist/fonts/type1/public/amsfonts/symbols/msbm7.pfb>
Output written on appendix_3.pdf (52 pages, 2354647 bytes).
PDF statistics:
 287 PDF objects out of 1000 (max. 8388607)
 172 compressed objects within 2 object streams
 0 named destinations out of 1000 (max. 500000)
 106 words of extra memory for PDF output out of 10000 (max. 10000000)

