This is pdfTeX, Version 3.141592653-2.6-1.40.22 (TeX Live 2022/dev/Debian) (preloaded format=pdflatex 2024.6.14)  28 MAR 2025 16:42
entering extended mode
 restricted \write18 enabled.
 file:line:error style messages enabled.
 %&-line parsing enabled.
**appendix_2.tex
(./appendix_2.tex
LaTeX2e <2021-11-15> patch level 1
L3 programming layer <2022-01-21> (/usr/share/texlive/texmf-dist/tex/latex/base/report.cls
Document Class: report 2021/10/04 v1.4n Standard LaTeX document class
(/usr/share/texlive/texmf-dist/tex/latex/base/size10.clo
File: size10.clo 2021/10/04 v1.4n Standard LaTeX file (size option)
)
\c@part=\count185
\c@chapter=\count186
\c@section=\count187
\c@subsection=\count188
\c@subsubsection=\count189
\c@paragraph=\count190
\c@subparagraph=\count191
\c@figure=\count192
\c@table=\count193
\abovecaptionskip=\skip47
\belowcaptionskip=\skip48
\bibindent=\dimen138
) (/usr/share/texlive/texmf-dist/tex/latex/amsmath/amsmath.sty
Package: amsmath 2021/10/15 v2.17l AMS math features
\@mathmargin=\skip49

For additional information on amsmath, use the `?' option.
(/usr/share/texlive/texmf-dist/tex/latex/amsmath/amstext.sty
Package: amstext 2021/08/26 v2.01 AMS text
 (/usr/share/texlive/texmf-dist/tex/latex/amsmath/amsgen.sty
File: amsgen.sty 1999/11/30 v2.0 generic functions
\@emptytoks=\toks16
\ex@=\dimen139
)) (/usr/share/texlive/texmf-dist/tex/latex/amsmath/amsbsy.sty
Package: amsbsy 1999/11/29 v1.2d Bold Symbols
\pmbraise@=\dimen140
) (/usr/share/texlive/texmf-dist/tex/latex/amsmath/amsopn.sty
Package: amsopn 2021/08/26 v2.02 operator names
)
\inf@bad=\count194
LaTeX Info: Redefining \frac on input line 234.
\uproot@=\count195
\leftroot@=\count196
LaTeX Info: Redefining \overline on input line 399.
\classnum@=\count197
\DOTSCASE@=\count198
LaTeX Info: Redefining \ldots on input line 496.
LaTeX Info: Redefining \dots on input line 499.
LaTeX Info: Redefining \cdots on input line 620.
\Mathstrutbox@=\box50
\strutbox@=\box51
\big@size=\dimen141
LaTeX Font Info:    Redeclaring font encoding OML on input line 743.
LaTeX Font Info:    Redeclaring font encoding OMS on input line 744.
\macc@depth=\count199
\c@MaxMatrixCols=\count266
\dotsspace@=\muskip16
\c@parentequation=\count267
\dspbrk@lvl=\count268
\tag@help=\toks17
\row@=\count269
\column@=\count270
\maxfields@=\count271
\andhelp@=\toks18
\eqnshift@=\dimen142
\alignsep@=\dimen143
\tagshift@=\dimen144
\tagwidth@=\dimen145
\totwidth@=\dimen146
\lineht@=\dimen147
\@envbody=\toks19
\multlinegap=\skip50
\multlinetaggap=\skip51
\mathdisplay@stack=\toks20
LaTeX Info: Redefining \[ on input line 2938.
LaTeX Info: Redefining \] on input line 2939.
) (/usr/share/texlive/texmf-dist/tex/latex/mathtools/mathtools.sty
Package: mathtools 2021/02/02 v1.28 mathematical typesetting tools
 (/usr/share/texlive/texmf-dist/tex/latex/graphics/keyval.sty
Package: keyval 2014/10/28 v1.15 key=value parser (DPC)
\KV@toks@=\toks21
) (/usr/share/texlive/texmf-dist/tex/latex/tools/calc.sty
Package: calc 2017/05/25 v4.3 Infix arithmetic (KKT,FJ)
\calc@Acount=\count272
\calc@Bcount=\count273
\calc@Adimen=\dimen148
\calc@Bdimen=\dimen149
\calc@Askip=\skip52
\calc@Bskip=\skip53
LaTeX Info: Redefining \setlength on input line 80.
LaTeX Info: Redefining \addtolength on input line 81.
\calc@Ccount=\count274
\calc@Cskip=\skip54
) (/usr/share/texlive/texmf-dist/tex/latex/mathtools/mhsetup.sty
Package: mhsetup 2021/03/18 v1.4 programming setup (MH)
)
\g_MT_multlinerow_int=\count275
\l_MT_multwidth_dim=\dimen150
\origjot=\skip55
\l_MT_shortvdotswithinadjustabove_dim=\dimen151
\l_MT_shortvdotswithinadjustbelow_dim=\dimen152
\l_MT_above_intertext_sep=\dimen153
\l_MT_below_intertext_sep=\dimen154
\l_MT_above_shortintertext_sep=\dimen155
\l_MT_below_shortintertext_sep=\dimen156
\xmathstrut@box=\box52
\xmathstrut@dim=\dimen157
) (/usr/share/texlive/texmf-dist/tex/latex/amsfonts/amssymb.sty
Package: amssymb 2013/01/14 v3.01 AMS font symbols
 (/usr/share/texlive/texmf-dist/tex/latex/amsfonts/amsfonts.sty
Package: amsfonts 2013/01/14 v3.01 Basic AMSFonts support
\symAMSa=\mathgroup4
\symAMSb=\mathgroup5
LaTeX Font Info:    Redeclaring math symbol \hbar on input line 98.
LaTeX Font Info:    Overwriting math alphabet `\mathfrak' in version `bold'
(Font)                  U/euf/m/n --> U/euf/b/n on input line 106.
)) (/usr/share/texlive/texmf-dist/tex/latex/amscls/amsthm.sty
Package: amsthm 2020/05/29 v2.20.6
\thm@style=\toks22
\thm@bodyfont=\toks23
\thm@headfont=\toks24
\thm@notefont=\toks25
\thm@headpunct=\toks26
\thm@preskip=\skip56
\thm@postskip=\skip57
\thm@headsep=\skip58
\dth@everypar=\toks27
) (/usr/share/texlive/texmf-dist/tex/latex/tools/bm.sty
Package: bm 2021/04/25 v1.2e Bold Symbol Support (DPC/FMi)
\symboldoperators=\mathgroup6
\symboldletters=\mathgroup7
\symboldsymbols=\mathgroup8
Package bm Info: No bold for \OMX/cmex/m/n, using \pmb.
Package bm Info: No bold for \U/msa/m/n, using \pmb.
Package bm Info: No bold for \U/msb/m/n, using \pmb.
LaTeX Font Info:    Redeclaring math alphabet \mathbf on input line 149.
) (/usr/share/texlive/texmf-dist/tex/latex/graphics/graphicx.sty
Package: graphicx 2021/09/16 v1.2d Enhanced LaTeX Graphics (DPC,SPQR)
 (/usr/share/texlive/texmf-dist/tex/latex/graphics/graphics.sty
Package: graphics 2021/03/04 v1.4d Standard LaTeX Graphics (DPC,SPQR)
 (/usr/share/texlive/texmf-dist/tex/latex/graphics/trig.sty
Package: trig 2021/08/11 v1.11 sin cos tan (DPC)
) (/usr/share/texlive/texmf-dist/tex/latex/graphics-cfg/graphics.cfg
File: graphics.cfg 2016/06/04 v1.11 sample graphics configuration
)
Package graphics Info: Driver file: pdftex.def on input line 107.
 (/usr/share/texlive/texmf-dist/tex/latex/graphics-def/pdftex.def
File: pdftex.def 2020/10/05 v1.2a Graphics/color driver for pdftex
))
\Gin@req@height=\dimen158
\Gin@req@width=\dimen159
) (/usr/share/texlive/texmf-dist/tex/latex/l3backend/l3backend-pdftex.def
File: l3backend-pdftex.def 2022-01-12 L3 backend support: PDF output (pdfTeX)
\l__color_backend_stack_int=\count276
\l__pdf_internal_box=\box53
) (./appendix_2.aux)
\openout1 = `appendix_2.aux'.

LaTeX Font Info:    Checking defaults for OML/cmm/m/it on input line 12.
LaTeX Font Info:    ... okay on input line 12.
LaTeX Font Info:    Checking defaults for OMS/cmsy/m/n on input line 12.
LaTeX Font Info:    ... okay on input line 12.
LaTeX Font Info:    Checking defaults for OT1/cmr/m/n on input line 12.
LaTeX Font Info:    ... okay on input line 12.
LaTeX Font Info:    Checking defaults for T1/cmr/m/n on input line 12.
LaTeX Font Info:    ... okay on input line 12.
LaTeX Font Info:    Checking defaults for TS1/cmr/m/n on input line 12.
LaTeX Font Info:    ... okay on input line 12.
LaTeX Font Info:    Checking defaults for OMX/cmex/m/n on input line 12.
LaTeX Font Info:    ... okay on input line 12.
LaTeX Font Info:    Checking defaults for U/cmr/m/n on input line 12.
LaTeX Font Info:    ... okay on input line 12.
 (/usr/share/texlive/texmf-dist/tex/context/base/mkii/supp-pdf.mkii
[Loading MPS to PDF converter (version 2006.09.02).]
\scratchcounter=\count277
\scratchdimen=\dimen160
\scratchbox=\box54
\nofMPsegments=\count278
\nofMParguments=\count279
\everyMPshowfont=\toks28
\MPscratchCnt=\count280
\MPscratchDim=\dimen161
\MPnumerator=\count281
\makeMPintoPDFobject=\count282
\everyMPtoPDFconversion=\toks29
) (/usr/share/texlive/texmf-dist/tex/latex/epstopdf-pkg/epstopdf-base.sty
Package: epstopdf-base 2020-01-24 v2.11 Base part for package epstopdf
Package epstopdf-base Info: Redefining graphics rule for `.eps' on input line 485.
 (/usr/share/texlive/texmf-dist/tex/latex/latexconfig/epstopdf-sys.cfg
File: epstopdf-sys.cfg 2010/07/13 v1.3 Configuration of (r)epstopdf for TeX Live
))
LaTeX Font Info:    Trying to load font information for U+msa on input line 13.
 (/usr/share/texlive/texmf-dist/tex/latex/amsfonts/umsa.fd
File: umsa.fd 2013/01/14 v3.01 AMS symbols A
)
LaTeX Font Info:    Trying to load font information for U+msb on input line 13.
 (/usr/share/texlive/texmf-dist/tex/latex/amsfonts/umsb.fd
File: umsb.fd 2013/01/14 v3.01 AMS symbols B
) [1

{/var/lib/texmf/fonts/map/pdftex/updmap/pdftex.map}] (./appendix_2.toc [1

])
\tf@toc=\write3
\openout3 = `appendix_2.toc'.

 [2]
Appendix A.
[3

] [4] [5]
<./images//1.png, id=34, 577.15625pt x 359.3425pt>
File: ./images//1.png Graphic file (type png)
<use ./images//1.png>
Package pdftex.def Info: ./images//1.png  used on input line 104.
(pdftex.def)             Requested size: 284.52756pt x 177.15405pt.
 [6 <./images//1.png>]
<./images//2.png, id=41, 915.42pt x 463.7325pt>
File: ./images//2.png Graphic file (type png)
<use ./images//2.png>
Package pdftex.def Info: ./images//2.png  used on input line 131.
(pdftex.def)             Requested size: 284.52756pt x 144.1306pt.
 [7 <./images//2.png>]
<./images//3.png, id=46, 872.25874pt x 178.6675pt>
File: ./images//3.png Graphic file (type png)
<use ./images//3.png>
Package pdftex.def Info: ./images//3.png  used on input line 173.
(pdftex.def)             Requested size: 284.52756pt x 58.27888pt.
 [8 <./images//3.png>]
<./images//4.png, id=52, 883.3pt x 875.27pt>
File: ./images//4.png Graphic file (type png)
<use ./images//4.png>
Package pdftex.def Info: ./images//4.png  used on input line 194.
(pdftex.def)             Requested size: 284.52756pt x 281.93518pt.
 [9 <./images//4.png>] [10] [11]
<./images//5.png, id=63, 772.8875pt x 89.33376pt>
File: ./images//5.png Graphic file (type png)
<use ./images//5.png>
Package pdftex.def Info: ./images//5.png  used on input line 292.
(pdftex.def)             Requested size: 284.52756pt x 32.88666pt.
 [12 <./images//5.png>]
<./images//6.png, id=69, 775.89874pt x 129.48375pt>
File: ./images//6.png Graphic file (type png)
<use ./images//6.png>
Package pdftex.def Info: ./images//6.png  used on input line 301.
(pdftex.def)             Requested size: 284.52756pt x 47.48343pt.
 [13 <./images//6.png>]
<./images//7.png, id=74, 825.0825pt x 135.50626pt>
File: ./images//7.png Graphic file (type png)
<use ./images//7.png>
Package pdftex.def Info: ./images//7.png  used on input line 338.
(pdftex.def)             Requested size: 284.52756pt x 46.72902pt.
 [14 <./images//7.png>] [15] [16] [17] [18] [19]
<./images//8.png, id=97, 699.61375pt x 344.28625pt>
File: ./images//8.png Graphic file (type png)
<use ./images//8.png>
Package pdftex.def Info: ./images//8.png  used on input line 514.
(pdftex.def)             Requested size: 256.0748pt x 126.01804pt.
 [20 <./images//8.png>] [21] [22] [23] [24]
<./images//9.png, id=118, 925.4575pt x 367.3725pt>
File: ./images//9.png Graphic file (type png)
<use ./images//9.png>
Package pdftex.def Info: ./images//9.png  used on input line 726.
(pdftex.def)             Requested size: 284.52756pt x 112.94815pt.
 [25 <./images//9.png>] [26]
<./images//10.png, id=126, 1091.07625pt x 514.92375pt>
File: ./images//10.png Graphic file (type png)
<use ./images//10.png>
Package pdftex.def Info: ./images//10.png  used on input line 797.
(pdftex.def)             Requested size: 284.52756pt x 134.27773pt.
 [27 <./images//10.png>] [28]
<./images//11.png, id=134, 1134.2375pt x 577.15625pt>
File: ./images//11.png Graphic file (type png)
<use ./images//11.png>
Package pdftex.def Info: ./images//11.png  used on input line 842.
(pdftex.def)             Requested size: 284.52756pt x 144.78188pt.
 [29 <./images//11.png>] [30] [31] [32]
<./images//12.png, id=149, 788.9475pt x 786.94pt>
File: ./images//12.png Graphic file (type png)
<use ./images//12.png>
Package pdftex.def Info: ./images//12.png  used on input line 956.
(pdftex.def)             Requested size: 284.52756pt x 283.8025pt.
 [33 <./images//12.png>]
<./images//13.png, id=154, 1005.7575pt x 389.455pt>
File: ./images//13.png Graphic file (type png)
<use ./images//13.png>
Package pdftex.def Info: ./images//13.png  used on input line 984.
(pdftex.def)             Requested size: 284.52756pt x 110.17574pt.
 [34 <./images//13.png>]
<./images//14.png, id=159, 994.71625pt x 249.93375pt>
File: ./images//14.png Graphic file (type png)
<use ./images//14.png>
Package pdftex.def Info: ./images//14.png  used on input line 1017.
(pdftex.def)             Requested size: 284.52756pt x 71.49118pt.
<./images//15.png, id=160, 949.5475pt x 273.02pt>
File: ./images//15.png Graphic file (type png)
<use ./images//15.png>
Package pdftex.def Info: ./images//15.png  used on input line 1025.
(pdftex.def)             Requested size: 284.52756pt x 81.80664pt.
 [35 <./images//14.png> <./images//15.png>]
<./images//16.png, id=166, 964.60374pt x 436.63126pt>
File: ./images//16.png Graphic file (type png)
<use ./images//16.png>
Package pdftex.def Info: ./images//16.png  used on input line 1041.
(pdftex.def)             Requested size: 284.52756pt x 128.79178pt.
 [36 <./images//16.png>]
<./images//17.png, id=172, 965.6075pt x 382.42876pt>
File: ./images//17.png Graphic file (type png)
<use ./images//17.png>
Package pdftex.def Info: ./images//17.png  used on input line 1085.
(pdftex.def)             Requested size: 284.52756pt x 112.68712pt.
 [37 <./images//17.png>]
<./images//18.png, id=177, 979.66pt x 411.5375pt>
File: ./images//18.png Graphic file (type png)
<use ./images//18.png>
Package pdftex.def Info: ./images//18.png  used on input line 1095.
(pdftex.def)             Requested size: 284.52756pt x 119.52492pt.
<./images//19.png, id=178, 1039.885pt x 755.82375pt>
File: ./images//19.png Graphic file (type png)
<use ./images//19.png>
Package pdftex.def Info: ./images//19.png  used on input line 1108.
(pdftex.def)             Requested size: 256.0748pt x 186.11836pt.
 [38 <./images//18.png> <./images//19.png>]
<./images//20.png, id=184, 1039.885pt x 566.115pt>
File: ./images//20.png Graphic file (type png)
<use ./images//20.png>
Package pdftex.def Info: ./images//20.png  used on input line 1122.
(pdftex.def)             Requested size: 284.52756pt x 154.89171pt.
 [39 <./images//20.png>]
<./images//21.png, id=189, 1033.8625pt x 253.94875pt>
File: ./images//21.png Graphic file (type png)
<use ./images//21.png>
Package pdftex.def Info: ./images//21.png  used on input line 1133.
(pdftex.def)             Requested size: 284.52756pt x 69.88843pt.
 [40 <./images//21.png>]
<./images//22.png, id=194, 1033.8625pt x 293.095pt>
File: ./images//22.png Graphic file (type png)
<use ./images//22.png>
Package pdftex.def Info: ./images//22.png  used on input line 1169.
(pdftex.def)             Requested size: 284.52756pt x 80.66174pt.
 [41 <./images//22.png>] [42] [43] [44] [45] [46] [47] [48]
<./images//23.png, id=222, 958.58125pt x 236.885pt>
File: ./images//23.png Graphic file (type png)
<use ./images//23.png>
Package pdftex.def Info: ./images//23.png  used on input line 1488.
(pdftex.def)             Requested size: 284.52756pt x 70.3106pt.
 [49 <./images//23.png>]
<./images//24.png, id=228, 958.58125pt x 167.62625pt>
File: ./images//24.png Graphic file (type png)
<use ./images//24.png>
Package pdftex.def Info: ./images//24.png  used on input line 1513.
(pdftex.def)             Requested size: 284.52756pt x 49.75368pt.
 [50 <./images//24.png>] [51]
<./images//25.png, id=236, 2007.5pt x 1425.325pt>
File: ./images//25.png Graphic file (type png)
<use ./images//25.png>
Package pdftex.def Info: ./images//25.png  used on input line 1581.
(pdftex.def)             Requested size: 284.52756pt x 202.00174pt.
 [52 <./images//25.png>]
<./images//26.png, id=241, 844.15375pt x 318.18875pt>
File: ./images//26.png Graphic file (type png)
<use ./images//26.png>
Package pdftex.def Info: ./images//26.png  used on input line 1612.
(pdftex.def)             Requested size: 284.52756pt x 107.25053pt.
 [53 <./images//26.png>]
<./images//27.png, id=246, 622.325pt x 240.9pt>
File: ./images//27.png Graphic file (type png)
<use ./images//27.png>
Package pdftex.def Info: ./images//27.png  used on input line 1632.
(pdftex.def)             Requested size: 199.16928pt x 77.09691pt.
<./images//28.png, id=247, 822.07124pt x 295.1025pt>
File: ./images//28.png Graphic file (type png)
<use ./images//28.png>
Package pdftex.def Info: ./images//28.png  used on input line 1646.
(pdftex.def)             Requested size: 284.52756pt x 102.13467pt.
 [54 <./images//27.png> <./images//28.png>]
<./images//29.png, id=254, 958.58125pt x 589.20125pt>
File: ./images//29.png Graphic file (type png)
<use ./images//29.png>
Package pdftex.def Info: ./images//29.png  used on input line 1668.
(pdftex.def)             Requested size: 284.52756pt x 174.88272pt.
 [55 <./images//29.png>] [56] [57] [58] [59] [60] [61] [62] [63]
<./images//30.png, id=285, 1090.0725pt x 723.70375pt>
File: ./images//30.png Graphic file (type png)
<use ./images//30.png>
Package pdftex.def Info: ./images//30.png  used on input line 1984.
(pdftex.def)             Requested size: 284.52756pt x 188.8984pt.
 [64 <./images//30.png>]
<./images//31.png, id=290, 1090.0725pt x 723.70375pt>
File: ./images//31.png Graphic file (type png)
<use ./images//31.png>
Package pdftex.def Info: ./images//31.png  used on input line 2002.
(pdftex.def)             Requested size: 284.52756pt x 188.8984pt.
 [65 <./images//31.png>] [66] [67] [68]
<./images//32.png, id=305, 1027.84pt x 101.37875pt>
File: ./images//32.png Graphic file (type png)
<use ./images//32.png>
Package pdftex.def Info: ./images//32.png  used on input line 2154.
(pdftex.def)             Requested size: 284.52756pt x 28.06409pt.
 [69 <./images//32.png>] [70] [71] [72] [73] [74] [75] [76] [77] [78] [79] [80] [81]
<./images//33.png, id=348, 1034.86626pt x 328.22626pt>
File: ./images//33.png Graphic file (type png)
<use ./images//33.png>
Package pdftex.def Info: ./images//33.png  used on input line 2648.
(pdftex.def)             Requested size: 284.52756pt x 90.23996pt.
 [82 <./images//33.png>] [83]
<./images//34.png, id=356, 747.79375pt x 209.78375pt>
File: ./images//34.png Graphic file (type png)
<use ./images//34.png>
Package pdftex.def Info: ./images//34.png  used on input line 2717.
(pdftex.def)             Requested size: 284.52756pt x 79.82108pt.
 [84 <./images//34.png>]
<./images//35.png, id=362, 758.835pt x 179.67125pt>
File: ./images//35.png Graphic file (type png)
<use ./images//35.png>
Package pdftex.def Info: ./images//35.png  used on input line 2745.
(pdftex.def)             Requested size: 284.52756pt x 67.36832pt.
 [85 <./images//35.png>] [86] [87]
<./images//36.png, id=373, 716.6775pt x 137.51375pt>
File: ./images//36.png Graphic file (type png)
<use ./images//36.png>
Package pdftex.def Info: ./images//36.png  used on input line 2812.
(pdftex.def)             Requested size: 284.52756pt x 54.59535pt.
 [88 <./images//36.png>]
<./images//37.png, id=378, 1015.795pt x 281.05pt>
File: ./images//37.png Graphic file (type png)
<use ./images//37.png>
Package pdftex.def Info: ./images//37.png  used on input line 2866.
(pdftex.def)             Requested size: 284.52756pt x 78.72348pt.
 [89 <./images//37.png>]
<./images//38.png, id=383, 984.67876pt x 228.855pt>
File: ./images//38.png Graphic file (type png)
<use ./images//38.png>
Package pdftex.def Info: ./images//38.png  used on input line 2904.
(pdftex.def)             Requested size: 284.52756pt x 66.12878pt.
 [90 <./images//38.png>] [91] [92] [93] [94] [95] [96] [97] [98]
<./images//39.png, id=414, 1043.9pt x 283.0575pt>
File: ./images//39.png Graphic file (type png)
<use ./images//39.png>
Package pdftex.def Info: ./images//39.png  used on input line 3239.
(pdftex.def)             Requested size: 284.52756pt x 77.15215pt.
 [99 <./images//39.png>] [100] [101] (./appendix_2.aux) ) 
Here is how much of TeX's memory you used:
 3791 strings out of 478287
 58296 string characters out of 5849289
 354497 words of memory out of 5000000
 21938 multiletter control sequences out of 15000+600000
 484624 words of font info for 83 fonts, out of 8000000 for 9000
 1141 hyphenation exceptions out of 8191
 55i,19n,62p,312b,307s stack positions out of 5000i,500n,10000p,200000b,80000s
{/usr/share/texmf/fonts/enc/dvips/cm-super/cm-super-ts1.enc}</usr/share/texlive/texmf-dist/fonts/type1/public/amsfonts/cm/cmbx10.pfb></usr/share/texlive/texmf-dist/fonts/type1/public/amsfonts/cm/cmbx12.pfb></usr/share/texlive/texmf-dist/fonts/type1/public/amsfonts/cm/cmbx7.pfb></usr/share/texlive/texmf-dist/fonts/type1/public/amsfonts/cm/cmex10.pfb></usr/share/texlive/texmf-dist/fonts/type1/public/amsfonts/cmextra/cmex7.pfb></usr/share/texlive/texmf-dist/fonts/type1/public/amsfonts/cm/cmmi10.pfb></usr/share/texlive/texmf-dist/fonts/type1/public/amsfonts/cm/cmmi12.pfb></usr/share/texlive/texmf-dist/fonts/type1/public/amsfonts/cm/cmmi5.pfb></usr/share/texlive/texmf-dist/fonts/type1/public/amsfonts/cm/cmmi7.pfb></usr/share/texlive/texmf-dist/fonts/type1/public/amsfonts/cm/cmr10.pfb></usr/share/texlive/texmf-dist/fonts/type1/public/amsfonts/cm/cmr12.pfb></usr/share/texlive/texmf-dist/fonts/type1/public/amsfonts/cm/cmr17.pfb></usr/share/texlive/texmf-dist/fonts/type1/public/amsfonts/cm/cmr5.pfb></usr/share/texlive/texmf-dist/fonts/type1/public/amsfonts/cm/cmr7.pfb></usr/share/texlive/texmf-dist/fonts/type1/public/amsfonts/cm/cmsy10.pfb></usr/share/texlive/texmf-dist/fonts/type1/public/amsfonts/cm/cmsy5.pfb></usr/share/texlive/texmf-dist/fonts/type1/public/amsfonts/cm/cmsy7.pfb></usr/share/texlive/texmf-dist/fonts/type1/public/amsfonts/cm/cmti10.pfb></usr/share/texlive/texmf-dist/fonts/type1/public/amsfonts/symbols/msam10.pfb></usr/share/texmf/fonts/type1/public/cm-super/sfrm1000.pfb>
Output written on appendix_2.pdf (102 pages, 1443742 bytes).
PDF statistics:
 513 PDF objects out of 1000 (max. 8388607)
 288 compressed objects within 3 object streams
 0 named destinations out of 1000 (max. 500000)
 196 words of extra memory for PDF output out of 10000 (max. 10000000)

