This is pdfTeX, Version 3.141592653-2.6-1.40.25 (TeX Live 2023/Debian) (preloaded format=pdflatex 2024.7.10)  29 AUG 2024 16:07
entering extended mode
 restricted \write18 enabled.
 file:line:error style messages enabled.
 %&-line parsing enabled.
**appendix_1.tex
(./appendix_1.tex
LaTeX2e <2023-11-01> patch level 1
L3 programming layer <2024-01-22>
(/usr/share/texlive/texmf-dist/tex/latex/base/report.cls
Document Class: report 2023/05/17 v1.4n Standard LaTeX document class
(/usr/share/texlive/texmf-dist/tex/latex/base/size10.clo
File: size10.clo 2023/05/17 v1.4n Standard LaTeX file (size option)
)
\c@part=\count187
\c@chapter=\count188
\c@section=\count189
\c@subsection=\count190
\c@subsubsection=\count191
\c@paragraph=\count192
\c@subparagraph=\count193
\c@figure=\count194
\c@table=\count195
\abovecaptionskip=\skip48
\belowcaptionskip=\skip49
\bibindent=\dimen140
) (/usr/share/texlive/texmf-dist/tex/latex/amsmath/amsmath.sty
Package: amsmath 2023/05/13 v2.17o AMS math features
\@mathmargin=\skip50

For additional information on amsmath, use the `?' option.
(/usr/share/texlive/texmf-dist/tex/latex/amsmath/amstext.sty
Package: amstext 2021/08/26 v2.01 AMS text
 (/usr/share/texlive/texmf-dist/tex/latex/amsmath/amsgen.sty
File: amsgen.sty 1999/11/30 v2.0 generic functions
\@emptytoks=\toks17
\ex@=\dimen141
)) (/usr/share/texlive/texmf-dist/tex/latex/amsmath/amsbsy.sty
Package: amsbsy 1999/11/29 v1.2d Bold Symbols
\pmbraise@=\dimen142
) (/usr/share/texlive/texmf-dist/tex/latex/amsmath/amsopn.sty
Package: amsopn 2022/04/08 v2.04 operator names
)
\inf@bad=\count196
LaTeX Info: Redefining \frac on input line 234.
\uproot@=\count197
\leftroot@=\count198
LaTeX Info: Redefining \overline on input line 399.
LaTeX Info: Redefining \colon on input line 410.
\classnum@=\count199
\DOTSCASE@=\count266
LaTeX Info: Redefining \ldots on input line 496.
LaTeX Info: Redefining \dots on input line 499.
LaTeX Info: Redefining \cdots on input line 620.
\Mathstrutbox@=\box51
\strutbox@=\box52
LaTeX Info: Redefining \big on input line 722.
LaTeX Info: Redefining \Big on input line 723.
LaTeX Info: Redefining \bigg on input line 724.
LaTeX Info: Redefining \Bigg on input line 725.
\big@size=\dimen143
LaTeX Font Info:    Redeclaring font encoding OML on input line 743.
LaTeX Font Info:    Redeclaring font encoding OMS on input line 744.
\macc@depth=\count267
LaTeX Info: Redefining \bmod on input line 905.
LaTeX Info: Redefining \pmod on input line 910.
LaTeX Info: Redefining \smash on input line 940.
LaTeX Info: Redefining \relbar on input line 970.
LaTeX Info: Redefining \Relbar on input line 971.
\c@MaxMatrixCols=\count268
\dotsspace@=\muskip16
\c@parentequation=\count269
\dspbrk@lvl=\count270
\tag@help=\toks18
\row@=\count271
\column@=\count272
\maxfields@=\count273
\andhelp@=\toks19
\eqnshift@=\dimen144
\alignsep@=\dimen145
\tagshift@=\dimen146
\tagwidth@=\dimen147
\totwidth@=\dimen148
\lineht@=\dimen149
\@envbody=\toks20
\multlinegap=\skip51
\multlinetaggap=\skip52
\mathdisplay@stack=\toks21
LaTeX Info: Redefining \[ on input line 2953.
LaTeX Info: Redefining \] on input line 2954.
) (/usr/share/texlive/texmf-dist/tex/latex/mathtools/mathtools.sty
Package: mathtools 2022/06/29 v1.29 mathematical typesetting tools
 (/usr/share/texlive/texmf-dist/tex/latex/graphics/keyval.sty
Package: keyval 2022/05/29 v1.15 key=value parser (DPC)
\KV@toks@=\toks22
) (/usr/share/texlive/texmf-dist/tex/latex/tools/calc.sty
Package: calc 2023/07/08 v4.3 Infix arithmetic (KKT,FJ)
\calc@Acount=\count274
\calc@Bcount=\count275
\calc@Adimen=\dimen150
\calc@Bdimen=\dimen151
\calc@Askip=\skip53
\calc@Bskip=\skip54
LaTeX Info: Redefining \setlength on input line 80.
LaTeX Info: Redefining \addtolength on input line 81.
\calc@Ccount=\count276
\calc@Cskip=\skip55
) (/usr/share/texlive/texmf-dist/tex/latex/mathtools/mhsetup.sty
Package: mhsetup 2021/03/18 v1.4 programming setup (MH)
)
\g_MT_multlinerow_int=\count277
\l_MT_multwidth_dim=\dimen152
\origjot=\skip56
\l_MT_shortvdotswithinadjustabove_dim=\dimen153
\l_MT_shortvdotswithinadjustbelow_dim=\dimen154
\l_MT_above_intertext_sep=\dimen155
\l_MT_below_intertext_sep=\dimen156
\l_MT_above_shortintertext_sep=\dimen157
\l_MT_below_shortintertext_sep=\dimen158
\xmathstrut@box=\box53
\xmathstrut@dim=\dimen159
) (/usr/share/texlive/texmf-dist/tex/latex/amsfonts/amssymb.sty
Package: amssymb 2013/01/14 v3.01 AMS font symbols
 (/usr/share/texlive/texmf-dist/tex/latex/amsfonts/amsfonts.sty
Package: amsfonts 2013/01/14 v3.01 Basic AMSFonts support
\symAMSa=\mathgroup4
\symAMSb=\mathgroup5
LaTeX Font Info:    Redeclaring math symbol \hbar on input line 98.
LaTeX Font Info:    Overwriting math alphabet `\mathfrak' in version `bold'
(Font)                  U/euf/m/n --> U/euf/b/n on input line 106.
)) (/usr/share/texlive/texmf-dist/tex/latex/amscls/amsthm.sty
Package: amsthm 2020/05/29 v2.20.6
\thm@style=\toks23
\thm@bodyfont=\toks24
\thm@headfont=\toks25
\thm@notefont=\toks26
\thm@headpunct=\toks27
\thm@preskip=\skip57
\thm@postskip=\skip58
\thm@headsep=\skip59
\dth@everypar=\toks28
) (/usr/share/texlive/texmf-dist/tex/latex/tools/bm.sty
Package: bm 2023/07/08 v1.2f Bold Symbol Support (DPC/FMi)
\symboldoperators=\mathgroup6
\symboldletters=\mathgroup7
\symboldsymbols=\mathgroup8
Package bm Info: No bold for \OMX/cmex/m/n, using \pmb.
Package bm Info: No bold for \U/msa/m/n, using \pmb.
Package bm Info: No bold for \U/msb/m/n, using \pmb.
LaTeX Font Info:    Redeclaring math alphabet \mathbf on input line 149.
) (/usr/share/texlive/texmf-dist/tex/latex/graphics/graphicx.sty
Package: graphicx 2021/09/16 v1.2d Enhanced LaTeX Graphics (DPC,SPQR)
 (/usr/share/texlive/texmf-dist/tex/latex/graphics/graphics.sty
Package: graphics 2022/03/10 v1.4e Standard LaTeX Graphics (DPC,SPQR)
 (/usr/share/texlive/texmf-dist/tex/latex/graphics/trig.sty
Package: trig 2021/08/11 v1.11 sin cos tan (DPC)
) (/usr/share/texlive/texmf-dist/tex/latex/graphics-cfg/graphics.cfg
File: graphics.cfg 2016/06/04 v1.11 sample graphics configuration
)
Package graphics Info: Driver file: pdftex.def on input line 107.
 (/usr/share/texlive/texmf-dist/tex/latex/graphics-def/pdftex.def
File: pdftex.def 2022/09/22 v1.2b Graphics/color driver for pdftex
))
\Gin@req@height=\dimen160
\Gin@req@width=\dimen161
) (/usr/share/texlive/texmf-dist/tex/latex/l3backend/l3backend-pdftex.def
File: l3backend-pdftex.def 2024-01-04 L3 backend support: PDF output (pdfTeX)
\l__color_backend_stack_int=\count278
\l__pdf_internal_box=\box54
) (./appendix_1.aux)
\openout1 = `appendix_1.aux'.

LaTeX Font Info:    Checking defaults for OML/cmm/m/it on input line 12.
LaTeX Font Info:    ... okay on input line 12.
LaTeX Font Info:    Checking defaults for OMS/cmsy/m/n on input line 12.
LaTeX Font Info:    ... okay on input line 12.
LaTeX Font Info:    Checking defaults for OT1/cmr/m/n on input line 12.
LaTeX Font Info:    ... okay on input line 12.
LaTeX Font Info:    Checking defaults for T1/cmr/m/n on input line 12.
LaTeX Font Info:    ... okay on input line 12.
LaTeX Font Info:    Checking defaults for TS1/cmr/m/n on input line 12.
LaTeX Font Info:    ... okay on input line 12.
LaTeX Font Info:    Checking defaults for OMX/cmex/m/n on input line 12.
LaTeX Font Info:    ... okay on input line 12.
LaTeX Font Info:    Checking defaults for U/cmr/m/n on input line 12.
LaTeX Font Info:    ... okay on input line 12.
 (/usr/share/texlive/texmf-dist/tex/context/base/mkii/supp-pdf.mkii
[Loading MPS to PDF converter (version 2006.09.02).]
\scratchcounter=\count279
\scratchdimen=\dimen162
\scratchbox=\box55
\nofMPsegments=\count280
\nofMParguments=\count281
\everyMPshowfont=\toks29
\MPscratchCnt=\count282
\MPscratchDim=\dimen163
\MPnumerator=\count283
\makeMPintoPDFobject=\count284
\everyMPtoPDFconversion=\toks30
) (/usr/share/texlive/texmf-dist/tex/latex/epstopdf-pkg/epstopdf-base.sty
Package: epstopdf-base 2020-01-24 v2.11 Base part for package epstopdf
Package epstopdf-base Info: Redefining graphics rule for `.eps' on input line 485.
 (/usr/share/texlive/texmf-dist/tex/latex/latexconfig/epstopdf-sys.cfg
File: epstopdf-sys.cfg 2010/07/13 v1.3 Configuration of (r)epstopdf for TeX Live
))
LaTeX Font Info:    Trying to load font information for U+msa on input line 13.
 (/usr/share/texlive/texmf-dist/tex/latex/amsfonts/umsa.fd
File: umsa.fd 2013/01/14 v3.01 AMS symbols A
)
LaTeX Font Info:    Trying to load font information for U+msb on input line 13.
 (/usr/share/texlive/texmf-dist/tex/latex/amsfonts/umsb.fd
File: umsb.fd 2013/01/14 v3.01 AMS symbols B
) [1

{/var/lib/texmf/fonts/map/pdftex/updmap/pdftex.map}] (./appendix_1.toc [1

] [2] [3])
\tf@toc=\write3
\openout3 = `appendix_1.toc'.

 [4]
Appendix A.
<./images/Capture.png, id=29, 765.6103pt x 547.2947pt>
File: ./images/Capture.png Graphic file (type png)
<use ./images/Capture.png>
Package pdftex.def Info: ./images/Capture.png  used on input line 32.
(pdftex.def)             Requested size: 256.0748pt x 183.05466pt.
[5

 <./images/Capture.PNG>]
<./images/Capture2.png, id=35, 517.18219pt x 374.90062pt>
File: ./images/Capture2.png Graphic file (type png)
<use ./images/Capture2.png>
Package pdftex.def Info: ./images/Capture2.png  used on input line 41.
(pdftex.def)             Requested size: 256.0748pt x 185.63072pt.
 [6 <./images/Capture2.PNG>] [7] [8] [9]
<./images/Capture7.png, id=56, 645.16031pt x 261.22594pt>
File: ./images/Capture7.png Graphic file (type png)
<use ./images/Capture7.png>
Package pdftex.def Info: ./images/Capture7.png  used on input line 162.
(pdftex.def)             Requested size: 256.0748pt x 103.68335pt.
<./images/Capture8.png, id=57, 771.63281pt x 160.34906pt>
File: ./images/Capture8.png Graphic file (type png)
<use ./images/Capture8.png>
Package pdftex.def Info: ./images/Capture8.png  used on input line 177.
(pdftex.def)             Requested size: 256.0748pt x 53.21385pt.
 [10 <./images/Capture7.PNG> <./images/Capture8.PNG>]
<./images/Capture9.png, id=64, 610.53094pt x 499.11469pt>
File: ./images/Capture9.png Graphic file (type png)
<use ./images/Capture9.png>
Package pdftex.def Info: ./images/Capture9.png  used on input line 197.
(pdftex.def)             Requested size: 256.0748pt x 209.35255pt.
<./images/Capture10.png, id=65, 832.61063pt x 282.30469pt>
File: ./images/Capture10.png Graphic file (type png)
<use ./images/Capture10.png>
Package pdftex.def Info: ./images/Capture10.png  used on input line 204.
(pdftex.def)             Requested size: 256.0748pt x 86.82433pt.
 [11 <./images/Capture9.PNG> <./images/Capture10.PNG>] [12] [13]
<./images/Capture6.png, id=78, 435.12563pt x 419.31656pt>
File: ./images/Capture6.png Graphic file (type png)
<use ./images/Capture6.png>
Package pdftex.def Info: ./images/Capture6.png  used on input line 259.
(pdftex.def)             Requested size: 256.0748pt x 246.78677pt.
 [14 <./images/Capture6.PNG>] [15]
<./images/Capture11.png, id=86, 302.63063pt x 294.34969pt>
File: ./images/Capture11.png Graphic file (type png)
<use ./images/Capture11.png>
Package pdftex.def Info: ./images/Capture11.png  used on input line 303.
(pdftex.def)             Requested size: 256.0748pt x 249.07106pt.
 [16 <./images/Capture11.PNG>]
File: ./images/Capture11.png Graphic file (type png)
<use ./images/Capture11.png>
Package pdftex.def Info: ./images/Capture11.png  used on input line 317.
(pdftex.def)             Requested size: 142.26378pt x 138.3713pt.
<./images/Capture12.png, id=91, 292.09125pt x 192.72pt>
File: ./images/Capture12.png Graphic file (type png)
<use ./images/Capture12.png>
Package pdftex.def Info: ./images/Capture12.png  used on input line 318.
(pdftex.def)             Requested size: 142.26378pt x 93.86606pt.
 [17 <./images/Capture12.PNG>] [18] [19] [20]
<./images/Capture13.png, id=108, 632.3625pt x 172.39406pt>
File: ./images/Capture13.png Graphic file (type png)
<use ./images/Capture13.png>
Package pdftex.def Info: ./images/Capture13.png  used on input line 436.
(pdftex.def)             Requested size: 284.52756pt x 77.56871pt.
 [21 <./images/Capture13.PNG>] [22] [23] [24]
<./images/Capture14.png, id=124, 567.62062pt x 476.53032pt>
File: ./images/Capture14.png Graphic file (type png)
<use ./images/Capture14.png>
Package pdftex.def Info: ./images/Capture14.png  used on input line 531.
(pdftex.def)             Requested size: 199.16928pt x 167.20984pt.
 [25 <./images/Capture14.PNG>] [26]
<./images/Capture15.png, id=132, 299.61937pt x 207.02344pt>
File: ./images/Capture15.png Graphic file (type png)
<use ./images/Capture15.png>
Package pdftex.def Info: ./images/Capture15.png  used on input line 594.
(pdftex.def)             Requested size: 170.71652pt x 117.96034pt.
 [27 <./images/Capture15.PNG>] [28] [29]
<./images/Capture16.png, id=143, 504.38437pt x 389.95688pt>
File: ./images/Capture16.png Graphic file (type png)
<use ./images/Capture16.png>
Package pdftex.def Info: ./images/Capture16.png  used on input line 685.
(pdftex.def)             Requested size: 227.62204pt x 175.98474pt.
 [30 <./images/Capture16.PNG>]
<./images/Capture17.png, id=149, 493.0922pt x 365.11406pt>
File: ./images/Capture17.png Graphic file (type png)
<use ./images/Capture17.png>
Package pdftex.def Info: ./images/Capture17.png  used on input line 713.
(pdftex.def)             Requested size: 136.5733pt x 101.12814pt.
<./images/Capture18.png, id=150, 645.91313pt x 487.8225pt>
File: ./images/Capture18.png Graphic file (type png)
<use ./images/Capture18.png>
Package pdftex.def Info: ./images/Capture18.png  used on input line 714.
(pdftex.def)             Requested size: 142.26378pt x 107.44037pt.
 [31 <./images/Capture17.PNG> <./images/Capture18.PNG>] [32] [33] [34] [35] [36] [37]
<./images/Capture19.png, id=176, 344.03531pt x 268.75406pt>
File: ./images/Capture19.png Graphic file (type png)
<use ./images/Capture19.png>
Package pdftex.def Info: ./images/Capture19.png  used on input line 988.
(pdftex.def)             Requested size: 256.0748pt x 200.03952pt.
 [38 <./images/Capture19.png>] [39]
<./images/Capture20.png, id=184, 366.61969pt x 160.34906pt>
File: ./images/Capture20.png Graphic file (type png)
<use ./images/Capture20.png>
Package pdftex.def Info: ./images/Capture20.png  used on input line 1043.
(pdftex.def)             Requested size: 256.0748pt x 112.00624pt.
 [40 <./images/Capture20.png>] [41] [42]
<./images/Capture21.png, id=196, 289.83281pt x 196.48407pt>
File: ./images/Capture21.png Graphic file (type png)
<use ./images/Capture21.png>
Package pdftex.def Info: ./images/Capture21.png  used on input line 1132.
(pdftex.def)             Requested size: 256.0748pt x 173.60806pt.
 [43 <./images/Capture21.png>] [44] [45] [46]
<./images/Capture22.png, id=210, 318.43968pt x 247.67531pt>
File: ./images/Capture22.png Graphic file (type png)
<use ./images/Capture22.png>
Package pdftex.def Info: ./images/Capture22.png  used on input line 1236.
(pdftex.def)             Requested size: 256.0748pt x 199.16846pt.
 [47 <./images/Capture22.png>]
<./images/Capture23.png, id=215, 308.65312pt x 242.40562pt>
File: ./images/Capture23.png Graphic file (type png)
<use ./images/Capture23.png>
Package pdftex.def Info: ./images/Capture23.png  used on input line 1254.
(pdftex.def)             Requested size: 256.0748pt x 201.13002pt.
 [48 <./images/Capture23.png>] [49]
<./images/Capture24.png, id=225, 361.35pt x 176.91093pt>
File: ./images/Capture24.png Graphic file (type png)
<use ./images/Capture24.png>
Package pdftex.def Info: ./images/Capture24.png  used on input line 1335.
(pdftex.def)             Requested size: 256.0748pt x 125.37007pt.
 [50 <./images/Capture24.png>] [51] [52] [53] [54]
<./images/Capture25.png, id=243, 266.49562pt x 206.27063pt>
File: ./images/Capture25.png Graphic file (type png)
<use ./images/Capture25.png>
Package pdftex.def Info: ./images/Capture25.png  used on input line 1460.
(pdftex.def)             Requested size: 184.9429pt x 143.1515pt.
<./images/Capture26.png, id=244, 201.00093pt x 164.11313pt>
File: ./images/Capture26.png Graphic file (type png)
<use ./images/Capture26.png>
Package pdftex.def Info: ./images/Capture26.png  used on input line 1472.
(pdftex.def)             Requested size: 184.9429pt x 151.00092pt.
 [55 <./images/Capture25.png> <./images/Capture26.png>]
<./images/Capture27.png, id=250, 275.52937pt x 216.81pt>
File: ./images/Capture27.png Graphic file (type png)
<use ./images/Capture27.png>
Package pdftex.def Info: ./images/Capture27.png  used on input line 1484.
(pdftex.def)             Requested size: 227.62204pt x 179.11856pt.
 [56 <./images/Capture27.png>]
<./images/Capture28.png, id=255, 331.99031pt x 135.50626pt>
File: ./images/Capture28.png Graphic file (type png)
<use ./images/Capture28.png>
Package pdftex.def Info: ./images/Capture28.png  used on input line 1517.
(pdftex.def)             Requested size: 256.0748pt x 104.52621pt.
 [57 <./images/Capture28.png>]
<./images/Capture29.png, id=260, 268.75406pt x 224.33812pt>
File: ./images/Capture29.png Graphic file (type png)
<use ./images/Capture29.png>
Package pdftex.def Info: ./images/Capture29.png  used on input line 1561.
(pdftex.def)             Requested size: 227.62204pt x 190.00368pt.
 [58{/usr/share/texmf/fonts/enc/dvips/cm-super/cm-super-ts1.enc} <./images/Capture29.png>] [59]
<./images/Capture30.png, id=269, 210.03468pt x 144.54pt>
File: ./images/Capture30.png Graphic file (type png)
<use ./images/Capture30.png>
Package pdftex.def Info: ./images/Capture30.png  used on input line 1632.
(pdftex.def)             Requested size: 227.62204pt x 156.6434pt.
 [60 <./images/Capture30.png>] [61] [62] [63]
<./images/Capture31.png, id=284, 307.1475pt x 217.5628pt>
File: ./images/Capture31.png Graphic file (type png)
<use ./images/Capture31.png>
Package pdftex.def Info: ./images/Capture31.png  used on input line 1769.
(pdftex.def)             Requested size: 227.62204pt x 161.23297pt.
 [64 <./images/Capture31.png>] [65]
<./images/Capture32.png, id=292, 202.50656pt x 130.23656pt>
File: ./images/Capture32.png Graphic file (type png)
<use ./images/Capture32.png>
Package pdftex.def Info: ./images/Capture32.png  used on input line 1821.
(pdftex.def)             Requested size: 227.62204pt x 146.39255pt.
 [66 <./images/Capture32.png>] [67]
<./images/Capture33.png, id=301, 169.38281pt x 124.96687pt>
File: ./images/Capture33.png Graphic file (type png)
<use ./images/Capture33.png>
Package pdftex.def Info: ./images/Capture33.png  used on input line 1866.
(pdftex.def)             Requested size: 227.62204pt x 167.94098pt.
 [68 <./images/Capture33.png>]
<./images/Capture34.png, id=306, 90.3375pt x 164.86594pt>
File: ./images/Capture34.png Graphic file (type png)
<use ./images/Capture34.png>
Package pdftex.def Info: ./images/Capture34.png  used on input line 1896.
(pdftex.def)             Requested size: 91.04872pt x 166.16609pt.
<./images/Capture35.png, id=307, 179.92218pt x 144.54pt>
File: ./images/Capture35.png Graphic file (type png)
<use ./images/Capture35.png>
Package pdftex.def Info: ./images/Capture35.png  used on input line 1897.
(pdftex.def)             Requested size: 193.47882pt x 155.4436pt.
 [69 <./images/Capture34.png> <./images/Capture35.png>]
<./images/Capture36.png, id=313, 158.09062pt x 143.78719pt>
File: ./images/Capture36.png Graphic file (type png)
<use ./images/Capture36.png>
Package pdftex.def Info: ./images/Capture36.png  used on input line 1935.
(pdftex.def)             Requested size: 133.72786pt x 121.63608pt.
<./images/Capture37.png, id=314, 141.52875pt x 115.18031pt>
File: ./images/Capture37.png Graphic file (type png)
<use ./images/Capture37.png>
Package pdftex.def Info: ./images/Capture37.png  used on input line 1936.
(pdftex.def)             Requested size: 150.79968pt x 122.73552pt.
 [70 <./images/Capture36.png> <./images/Capture37.png>]
File: ./images/Capture37.png Graphic file (type png)
<use ./images/Capture37.png>
Package pdftex.def Info: ./images/Capture37.png  used on input line 1964.
(pdftex.def)             Requested size: 170.71652pt x 138.94502pt.
File: ./images/Capture36.png Graphic file (type png)
<use ./images/Capture36.png>
Package pdftex.def Info: ./images/Capture36.png  used on input line 1975.
(pdftex.def)             Requested size: 142.26378pt x 129.40068pt.
 [71]
<./images/Capture38.png, id=323, 449.42906pt x 380.17032pt>
File: ./images/Capture38.png Graphic file (type png)
<use ./images/Capture38.png>
Package pdftex.def Info: ./images/Capture38.png  used on input line 1994.
(pdftex.def)             Requested size: 170.71652pt x 144.4082pt.
 [72 <./images/Capture38.png>] [73]
<./images/Capture39.png, id=332, 184.43906pt x 79.04532pt>
File: ./images/Capture39.png Graphic file (type png)
<use ./images/Capture39.png>
Package pdftex.def Info: ./images/Capture39.png  used on input line 2065.
(pdftex.def)             Requested size: 170.71652pt x 73.164pt.
 [74 <./images/Capture39.png>]
<./images/Capture40.png, id=337, 198.7425pt x 120.45pt>
File: ./images/Capture40.png Graphic file (type png)
<use ./images/Capture40.png>
Package pdftex.def Info: ./images/Capture40.png  used on input line 2079.
(pdftex.def)             Requested size: 170.71652pt x 103.46733pt.
<./images/Capture41.png, id=338, 293.59688pt x 149.05687pt>
File: ./images/Capture41.png Graphic file (type png)
<use ./images/Capture41.png>
Package pdftex.def Info: ./images/Capture41.png  used on input line 2087.
(pdftex.def)             Requested size: 170.71652pt x 86.67139pt.
 [75 <./images/Capture40.png> <./images/Capture41.png>] [76] [77] [78] [79] [80] [81] [82] [83]
<./images/Capture44.png, id=369, 221.97214pt x 96.79018pt>
File: ./images/Capture44.png Graphic file (type png)
<use ./images/Capture44.png>
Package pdftex.def Info: ./images/Capture44.png  used on input line 2368.
(pdftex.def)             Requested size: 170.71652pt x 74.44003pt.
 [84 <./images/Capture44.png>]
<./images/Capture42.png, id=375, 274.02374pt x 184.43906pt>
File: ./images/Capture42.png Graphic file (type png)
<use ./images/Capture42.png>
Package pdftex.def Info: ./images/Capture42.png  used on input line 2381.
(pdftex.def)             Requested size: 170.71652pt x 114.90825pt.
<./images/Capture43.png, id=376, 218.10054pt x 122.60089pt>
File: ./images/Capture43.png Graphic file (type png)
<use ./images/Capture43.png>
Package pdftex.def Info: ./images/Capture43.png  used on input line 2392.
(pdftex.def)             Requested size: 227.62204pt x 127.95648pt.
 [85 <./images/Capture42.png> <./images/Capture43.png>] [86] [87] [88] [89] [90]
<./images/Capture45.png, id=398, 187.98804pt x 76.5718pt>
File: ./images/Capture45.png Graphic file (type png)
<use ./images/Capture45.png>
Package pdftex.def Info: ./images/Capture45.png  used on input line 2556.
(pdftex.def)             Requested size: 227.62204pt x 92.71638pt.
 [91 <./images/Capture45.png>]
<./images/Capture46.png, id=403, 186.6975pt x 144.54pt>
File: ./images/Capture46.png Graphic file (type png)
<use ./images/Capture46.png>
Package pdftex.def Info: ./images/Capture46.png  used on input line 2585.
(pdftex.def)             Requested size: 170.71652pt x 132.17339pt.
 [92 <./images/Capture46.png>]
<./images/Capture47.png, id=408, 238.31892pt x 157.01518pt>
File: ./images/Capture47.png Graphic file (type png)
<use ./images/Capture47.png>
Package pdftex.def Info: ./images/Capture47.png  used on input line 2616.
(pdftex.def)             Requested size: 170.71652pt x 112.47823pt.
 [93 <./images/Capture47.png>]
<./images/Capture48.png, id=413, 211.21768pt x 143.67964pt>
File: ./images/Capture48.png Graphic file (type png)
<use ./images/Capture48.png>
Package pdftex.def Info: ./images/Capture48.png  used on input line 2642.
(pdftex.def)             Requested size: 170.71652pt x 116.1365pt.
 [94 <./images/Capture48.png>] [95]
<./images/Capture49.png, id=421, 178.09393pt x 137.65715pt>
File: ./images/Capture49.png Graphic file (type png)
<use ./images/Capture49.png>
Package pdftex.def Info: ./images/Capture49.png  used on input line 2673.
(pdftex.def)             Requested size: 170.71652pt x 131.96451pt.
<./images/Capture50.png, id=422, 225.84375pt x 197.02179pt>
File: ./images/Capture50.png Graphic file (type png)
<use ./images/Capture50.png>
Package pdftex.def Info: ./images/Capture50.png  used on input line 2693.
(pdftex.def)             Requested size: 142.26378pt x 124.11536pt.
<./images/Capture51.png, id=423, 219.82124pt x 205.19518pt>
File: ./images/Capture51.png Graphic file (type png)
<use ./images/Capture51.png>
Package pdftex.def Info: ./images/Capture51.png  used on input line 2694.
(pdftex.def)             Requested size: 142.26378pt x 132.80229pt.
 [96 <./images/Capture49.png> <./images/Capture50.png> <./images/Capture51.png>]
<./images/Capture52.png, id=431, 270.15215pt x 72.27pt>
File: ./images/Capture52.png Graphic file (type png)
<use ./images/Capture52.png>
Package pdftex.def Info: ./images/Capture52.png  used on input line 2709.
(pdftex.def)             Requested size: 256.0748pt x 68.51053pt.
 [97 <./images/Capture52.png>]
<./images/Capture53.png, id=436, 213.79875pt x 119.58965pt>
File: ./images/Capture53.png Graphic file (type png)
<use ./images/Capture53.png>
Package pdftex.def Info: ./images/Capture53.png  used on input line 2724.
(pdftex.def)             Requested size: 199.16928pt x 111.40698pt.
<./images/Capture54.png, id=437, 254.23553pt x 137.65715pt>
File: ./images/Capture54.png Graphic file (type png)
<use ./images/Capture54.png>
Package pdftex.def Info: ./images/Capture54.png  used on input line 2742.
(pdftex.def)             Requested size: 227.62204pt x 123.24542pt.
 [98 <./images/Capture53.png> <./images/Capture54.png>] [99] [100] [101] [102] [103] [104] [105]
<./images/Capture55.png, id=466, 237.0284pt x 254.23553pt>
File: ./images/Capture55.png Graphic file (type png)
<use ./images/Capture55.png>
Package pdftex.def Info: ./images/Capture55.png  used on input line 2997.
(pdftex.def)             Requested size: 170.71652pt x 183.11539pt.
 [106 <./images/Capture55.png>]
<./images/Capture56.png, id=471, 261.1184pt x 144.97018pt>
File: ./images/Capture56.png Graphic file (type png)
<use ./images/Capture56.png>
Package pdftex.def Info: ./images/Capture56.png  used on input line 3026.
(pdftex.def)             Requested size: 170.71652pt x 94.7825pt.
<./images/Capture57.png, id=472, 213.79875pt x 148.84178pt>
File: ./images/Capture57.png Graphic file (type png)
<use ./images/Capture57.png>
Package pdftex.def Info: ./images/Capture57.png  used on input line 3034.
(pdftex.def)             Requested size: 142.26378pt x 99.03984pt.
<./images/Capture58.png, id=473, 226.27393pt x 175.08267pt>
File: ./images/Capture58.png Graphic file (type png)
<use ./images/Capture58.png>
Package pdftex.def Info: ./images/Capture58.png  used on input line 3035.
(pdftex.def)             Requested size: 142.26378pt x 110.08092pt.
 [107 <./images/Capture56.png> <./images/Capture57.png> <./images/Capture58.png>]
<./images/Capture59.png, id=480, 223.26268pt x 147.98143pt>
File: ./images/Capture59.png Graphic file (type png)
<use ./images/Capture59.png>
Package pdftex.def Info: ./images/Capture59.png  used on input line 3050.
(pdftex.def)             Requested size: 142.26378pt x 94.29907pt.
<./images/Capture60.png, id=481, 230.14554pt x 179.81464pt>
File: ./images/Capture60.png Graphic file (type png)
<use ./images/Capture60.png>
Package pdftex.def Info: ./images/Capture60.png  used on input line 3051.
(pdftex.def)             Requested size: 142.26378pt x 111.15192pt.
 [108 <./images/Capture59.png> <./images/Capture60.png>]
<./images/Capture3.png, id=488, 631.60968pt x 432.11438pt>
File: ./images/Capture3.png Graphic file (type png)
<use ./images/Capture3.png>
Package pdftex.def Info: ./images/Capture3.png  used on input line 3083.
(pdftex.def)             Requested size: 256.0748pt x 175.19656pt.
 [109 <./images/Capture3.PNG>]
File: ./images/Capture3.png Graphic file (type png)
<use ./images/Capture3.png>
Package pdftex.def Info: ./images/Capture3.png  used on input line 3121.
(pdftex.def)             Requested size: 256.0748pt x 175.19656pt.
 [110]
<./images/Capture4.png, id=496, 528.47438pt x 189.70876pt>
File: ./images/Capture4.png Graphic file (type png)
<use ./images/Capture4.png>
Package pdftex.def Info: ./images/Capture4.png  used on input line 3133.
(pdftex.def)             Requested size: 256.0748pt x 91.92468pt.
<./images/Capture5.png, id=497, 370.38374pt x 341.02406pt>
File: ./images/Capture5.png Graphic file (type png)
<use ./images/Capture5.png>
Package pdftex.def Info: ./images/Capture5.png  used on input line 3143.
(pdftex.def)             Requested size: 256.0748pt x 235.78038pt.
 [111 <./images/Capture4.PNG> <./images/Capture5.PNG>] [112] [113]
<./images/Capture61.png, id=509, 943.525pt x 604.2575pt>
File: ./images/Capture61.png Graphic file (type png)
<use ./images/Capture61.png>
Package pdftex.def Info: ./images/Capture61.png  used on input line 3237.
(pdftex.def)             Requested size: 170.71652pt x 109.32408pt.
 [114 <./images/Capture61.png>]
<./images/Capture62.png, id=514, 1033.8625pt x 612.2875pt>
File: ./images/Capture62.png Graphic file (type png)
<use ./images/Capture62.png>
Package pdftex.def Info: ./images/Capture62.png  used on input line 3262.
(pdftex.def)             Requested size: 170.71652pt x 101.09781pt.
 [115 <./images/Capture62.png>] [116] [117] [118] [119] [120] [121] [122] [123] [124] [125] [126]
Appendix B.
<./images/Capture63.png, id=553, 140.02313pt x 83.5622pt>
File: ./images/Capture63.png Graphic file (type png)
<use ./images/Capture63.png>
Package pdftex.def Info: ./images/Capture63.png  used on input line 3613.
(pdftex.def)             Requested size: 170.71652pt x 101.88324pt.
[127

 <./images/Capture63.png>]
<./images/Capture64.png, id=558, 355.3275pt x 121.20282pt>
File: ./images/Capture64.png Graphic file (type png)
<use ./images/Capture64.png>
Package pdftex.def Info: ./images/Capture64.png  used on input line 3631.
(pdftex.def)             Requested size: 284.52756pt x 97.05484pt.
<./images/Capture65.png, id=559, 185.94469pt x 103.88812pt>
File: ./images/Capture65.png Graphic file (type png)
<use ./images/Capture65.png>
Package pdftex.def Info: ./images/Capture65.png  used on input line 3645.
(pdftex.def)             Requested size: 142.26378pt x 79.48524pt.
<./images/Capture66.png, id=560, 157.33781pt x 98.61844pt>
File: ./images/Capture66.png Graphic file (type png)
<use ./images/Capture66.png>
Package pdftex.def Info: ./images/Capture66.png  used on input line 3646.
(pdftex.def)             Requested size: 142.26378pt x 89.17409pt.
 [128 <./images/Capture64.png> <./images/Capture65.png> <./images/Capture66.png>]
<./images/Capture67.png, id=567, 307.1475pt x 143.78719pt>
File: ./images/Capture67.png Graphic file (type png)
<use ./images/Capture67.png>
Package pdftex.def Info: ./images/Capture67.png  used on input line 3664.
(pdftex.def)             Requested size: 227.62204pt x 106.5588pt.
 [129 <./images/Capture67.png>]
<./images/Capture68.png, id=572, 224.33812pt x 62.48344pt>
File: ./images/Capture68.png Graphic file (type png)
<use ./images/Capture68.png>
Package pdftex.def Info: ./images/Capture68.png  used on input line 3699.
(pdftex.def)             Requested size: 227.62204pt x 63.40045pt.
 [130 <./images/Capture68.png>]
<./images/Capture69.png, id=577, 173.89969pt x 91.09032pt>
File: ./images/Capture69.png Graphic file (type png)
<use ./images/Capture69.png>
Package pdftex.def Info: ./images/Capture69.png  used on input line 3735.
(pdftex.def)             Requested size: 170.71652pt x 89.42633pt.
 [131 <./images/Capture69.png>]
<./images/Capture70.png, id=582, 85.82062pt x 63.98906pt>
File: ./images/Capture70.png Graphic file (type png)
<use ./images/Capture70.png>
Package pdftex.def Info: ./images/Capture70.png  used on input line 3756.
(pdftex.def)             Requested size: 85.35826pt x 63.64421pt.
<./images/Capture71.png, id=583, 113.67468pt x 106.14656pt>
File: ./images/Capture71.png Graphic file (type png)
<use ./images/Capture71.png>
Package pdftex.def Info: ./images/Capture71.png  used on input line 3766.
(pdftex.def)             Requested size: 113.81102pt x 106.27586pt.
<./images/Capture72.png, id=584, 121.95563pt x 116.68594pt>
File: ./images/Capture72.png Graphic file (type png)
<use ./images/Capture72.png>
Package pdftex.def Info: ./images/Capture72.png  used on input line 3767.
(pdftex.def)             Requested size: 113.81102pt x 108.89424pt.
 [132 <./images/Capture70.png> <./images/Capture71.png> <./images/Capture72.png>]
File: ./images/Capture70.png Graphic file (type png)
<use ./images/Capture70.png>
Package pdftex.def Info: ./images/Capture70.png  used on input line 3790.
(pdftex.def)             Requested size: 85.35826pt x 63.64421pt.
<./images/Capture73.png, id=592, 140.02313pt x 66.2475pt>
File: ./images/Capture73.png Graphic file (type png)
<use ./images/Capture73.png>
Package pdftex.def Info: ./images/Capture73.png  used on input line 3791.
(pdftex.def)             Requested size: 199.16928pt x 94.23483pt.
 [133 <./images/Capture73.png>]
<./images/Capture74.png, id=597, 88.83188pt x 61.73062pt>
File: ./images/Capture74.png Graphic file (type png)
<use ./images/Capture74.png>
Package pdftex.def Info: ./images/Capture74.png  used on input line 3809.
(pdftex.def)             Requested size: 142.26378pt x 98.86423pt.
<./images/Capture75.png, id=598, 106.89937pt x 56.46094pt>
File: ./images/Capture75.png Graphic file (type png)
<use ./images/Capture75.png>
Package pdftex.def Info: ./images/Capture75.png  used on input line 3827.
(pdftex.def)             Requested size: 142.26378pt x 75.14464pt.
 [134 <./images/Capture74.png> <./images/Capture75.png>] [135] [136]
<./images/Capture76.png, id=610, 371.88937pt x 92.59593pt>
File: ./images/Capture76.png Graphic file (type png)
<use ./images/Capture76.png>
Package pdftex.def Info: ./images/Capture76.png  used on input line 4041.
(pdftex.def)             Requested size: 284.52756pt x 70.84552pt.
 [137 <./images/Capture76.png>] [138]
<./images/Capture77.png, id=619, 189.70876pt x 59.47218pt>
File: ./images/Capture77.png Graphic file (type png)
<use ./images/Capture77.png>
Package pdftex.def Info: ./images/Capture77.png  used on input line 4066.
(pdftex.def)             Requested size: 170.71652pt x 53.51901pt.
<./images/Capture78.png, id=620, 228.10219pt x 76.03406pt>
File: ./images/Capture78.png Graphic file (type png)
<use ./images/Capture78.png>
Package pdftex.def Info: ./images/Capture78.png  used on input line 4079.
(pdftex.def)             Requested size: 170.71652pt x 56.90704pt.
 [139 <./images/Capture77.png> <./images/Capture78.png>] [140] [141] [142]
<./images/Capture79.png, id=635, 145.29282pt x 75.28125pt>
File: ./images/Capture79.png Graphic file (type png)
<use ./images/Capture79.png>
Package pdftex.def Info: ./images/Capture79.png  used on input line 4251.
(pdftex.def)             Requested size: 142.26378pt x 73.71652pt.
 [143 <./images/Capture79.png>]
<./images/Capture80.png, id=640, 316.93407pt x 130.23656pt>
File: ./images/Capture80.png Graphic file (type png)
<use ./images/Capture80.png>
Package pdftex.def Info: ./images/Capture80.png  used on input line 4293.
(pdftex.def)             Requested size: 256.0748pt x 105.23666pt.
 [144 <./images/Capture80.png>] [145] [146] [147] [148]
<./images/Capture81.png, id=658, 295.85532pt x 79.79813pt>
File: ./images/Capture81.png Graphic file (type png)
<use ./images/Capture81.png>
Package pdftex.def Info: ./images/Capture81.png  used on input line 4532.
(pdftex.def)             Requested size: 256.0748pt x 69.07068pt.
<./images/Capture82.png, id=659, 248.42813pt x 73.77562pt>
File: ./images/Capture82.png Graphic file (type png)
<use ./images/Capture82.png>
Package pdftex.def Info: ./images/Capture82.png  used on input line 4551.
(pdftex.def)             Requested size: 227.62204pt x 67.59744pt.
 [149 <./images/Capture81.png> <./images/Capture82.png>]
<./images/Capture83.png, id=666, 177.66376pt x 97.11281pt>
File: ./images/Capture83.png Graphic file (type png)
<use ./images/Capture83.png>
Package pdftex.def Info: ./images/Capture83.png  used on input line 4570.
(pdftex.def)             Requested size: 113.81102pt x 62.21124pt.
<./images/Capture84.png, id=667, 99.37125pt x 88.07906pt>
File: ./images/Capture84.png Graphic file (type png)
<use ./images/Capture84.png>
Package pdftex.def Info: ./images/Capture84.png  used on input line 4585.
(pdftex.def)             Requested size: 85.35826pt x 75.66048pt.
 [150 <./images/Capture83.png> <./images/Capture84.png>] [151]
<./images/Capture85.png, id=677, 161.85469pt x 109.1578pt>
File: ./images/Capture85.png Graphic file (type png)
<use ./images/Capture85.png>
Package pdftex.def Info: ./images/Capture85.png  used on input line 4633.
(pdftex.def)             Requested size: 142.26378pt x 95.95088pt.
 [152 <./images/Capture85.png>]
<./images/Capture86.png, id=682, 453.19313pt x 212.29312pt>
File: ./images/Capture86.png Graphic file (type png)
<use ./images/Capture86.png>
Package pdftex.def Info: ./images/Capture86.png  used on input line 4662.
(pdftex.def)             Requested size: 284.52756pt x 133.28215pt.
 [153 <./images/Capture86.png>] [154] [155] [156]
<./images/Capture87.png, id=697, 282.30469pt x 62.48344pt>
File: ./images/Capture87.png Graphic file (type png)
<use ./images/Capture87.png>
Package pdftex.def Info: ./images/Capture87.png  used on input line 4797.
(pdftex.def)             Requested size: 170.71652pt x 37.7859pt.
 [157 <./images/Capture87.png>]
<./images/Capture88.png, id=702, 539.76656pt x 142.28156pt>
File: ./images/Capture88.png Graphic file (type png)
<use ./images/Capture88.png>
Package pdftex.def Info: ./images/Capture88.png  used on input line 4844.
(pdftex.def)             Requested size: 284.52756pt x 75.00287pt.
 [158 <./images/Capture88.png>]
<./images/Capture89.png, id=707, 303.38344pt x 126.4725pt>
File: ./images/Capture89.png Graphic file (type png)
<use ./images/Capture89.png>
Package pdftex.def Info: ./images/Capture89.png  used on input line 4867.
(pdftex.def)             Requested size: 199.16928pt x 83.03017pt.
 [159 <./images/Capture89.png>]
<./images/Capture90.png, id=712, 247.67531pt x 161.85469pt>
File: ./images/Capture90.png Graphic file (type png)
<use ./images/Capture90.png>
Package pdftex.def Info: ./images/Capture90.png  used on input line 4885.
(pdftex.def)             Requested size: 170.71652pt x 111.5613pt.
<./images/Capture91.png, id=713, 286.06876pt x 164.86594pt>
File: ./images/Capture91.png Graphic file (type png)
<use ./images/Capture91.png>
Package pdftex.def Info: ./images/Capture91.png  used on input line 4895.
(pdftex.def)             Requested size: 199.16928pt x 114.7865pt.
 [160 <./images/Capture90.png> <./images/Capture91.png>] [161]
<./images/92.png, id=723, 537.00626pt x 247.92625pt>
File: ./images/92.png Graphic file (type png)
<use ./images/92.png>
Package pdftex.def Info: ./images/92.png  used on input line 4969.
(pdftex.def)             Requested size: 199.16928pt x 91.95068pt.
 [162 <./images/92.png>]
<./images/93.png, id=730, 1122.1925pt x 1055.945pt>
File: ./images/93.png Graphic file (type png)
<use ./images/93.png>
Package pdftex.def Info: ./images/93.png  used on input line 4987.
(pdftex.def)             Requested size: 284.52756pt x 267.72368pt.
 [163 <./images/93.png>]
<./images/94.png, id=735, 1090.0725pt x 338.26375pt>
File: ./images/94.png Graphic file (type png)
<use ./images/94.png>
Package pdftex.def Info: ./images/94.png  used on input line 5000.
(pdftex.def)             Requested size: 284.52756pt x 88.29231pt.
<./images/95.png, id=736, 989.6975pt x 327.2225pt>
File: ./images/95.png Graphic file (type png)
<use ./images/95.png>
Package pdftex.def Info: ./images/95.png  used on input line 5006.
(pdftex.def)             Requested size: 284.52756pt x 94.07323pt.
 [164 <./images/94.png> <./images/95.png>]
<./images/96.png, id=742, 323.2075pt x 352.31625pt>
File: ./images/96.png Graphic file (type png)
<use ./images/96.png>
Package pdftex.def Info: ./images/96.png  used on input line 5021.
(pdftex.def)             Requested size: 170.71652pt x 186.09236pt.
 [165 <./images/96.png>]
<./images/97.png, id=747, 1284.8pt x 722.7pt>
File: ./images/97.png Graphic file (type png)
<use ./images/97.png>
Package pdftex.def Info: ./images/97.png  used on input line 5057.
(pdftex.def)             Requested size: 227.62204pt x 128.02927pt.
 [166 <./images/97.png>] [167]
<./images/98.png, id=755, 311.1625pt x 183.68625pt>
File: ./images/98.png Graphic file (type png)
<use ./images/98.png>
Package pdftex.def Info: ./images/98.png  used on input line 5133.
(pdftex.def)             Requested size: 213.39566pt x 125.97285pt.
 [168 <./images/98.png>]
<./images/99.png, id=761, 964.60374pt x 373.395pt>
File: ./images/99.png Graphic file (type png)
<use ./images/99.png>
Package pdftex.def Info: ./images/99.png  used on input line 5170.
(pdftex.def)             Requested size: 284.52756pt x 110.13918pt.
<./images/100.png, id=762, 1204.5pt x 940.51375pt>
File: ./images/100.png Graphic file (type png)
<use ./images/100.png>
Package pdftex.def Info: ./images/100.png  used on input line 5171.
(pdftex.def)             Requested size: 142.26378pt x 111.07724pt.
 [169 <./images/99.png> <./images/100.png>]
<./images/102.png, id=768, 272.01625pt x 196.735pt>
File: ./images/102.png Graphic file (type png)
<use ./images/102.png>
Package pdftex.def Info: ./images/102.png  used on input line 5201.
(pdftex.def)             Requested size: 199.16928pt x 144.05663pt.
 [170 <./images/102.png>] [171] [172] [173] [174] [175] [176] [177] [178]
<./images/103.png, id=798, 549.05125pt x 452.69125pt>
File: ./images/103.png Graphic file (type png)
<use ./images/103.png>
Package pdftex.def Info: ./images/103.png  used on input line 5511.
(pdftex.def)             Requested size: 170.71652pt x 140.75418pt.
 [179 <./images/103.png>] [180] (./appendix_1.aux)
 ***********
LaTeX2e <2023-11-01> patch level 1
L3 programming layer <2024-01-22>
 ***********
 ) 
Here is how much of TeX's memory you used:
 4662 strings out of 474222
 80862 string characters out of 5748733
 1940975 words of memory out of 5000000
 26876 multiletter control sequences out of 15000+600000
 573793 words of font info for 92 fonts, out of 8000000 for 9000
 1141 hyphenation exceptions out of 8191
 57i,20n,65p,239b,319s stack positions out of 10000i,1000n,20000p,200000b,200000s
</usr/share/texlive/texmf-dist/fonts/type1/public/amsfonts/cm/cmbx10.pfb></usr/share/texlive/texmf-dist/fonts/type1/public/amsfonts/cm/cmbx12.pfb></usr/share/texlive/texmf-dist/fonts/type1/public/amsfonts/cm/cmbx7.pfb></usr/share/texlive/texmf-dist/fonts/type1/public/amsfonts/cm/cmbxti10.pfb></usr/share/texlive/texmf-dist/fonts/type1/public/amsfonts/cm/cmex10.pfb></usr/share/texlive/texmf-dist/fonts/type1/public/amsfonts/cm/cmmi10.pfb></usr/share/texlive/texmf-dist/fonts/type1/public/amsfonts/cm/cmmi12.pfb></usr/share/texlive/texmf-dist/fonts/type1/public/amsfonts/cm/cmmi5.pfb></usr/share/texlive/texmf-dist/fonts/type1/public/amsfonts/cm/cmmi7.pfb></usr/share/texlive/texmf-dist/fonts/type1/public/amsfonts/cm/cmmi8.pfb></usr/share/texlive/texmf-dist/fonts/type1/public/amsfonts/cm/cmmib10.pfb></usr/share/texlive/texmf-dist/fonts/type1/public/amsfonts/cmextra/cmmib7.pfb></usr/share/texlive/texmf-dist/fonts/type1/public/amsfonts/cm/cmr10.pfb></usr/share/texlive/texmf-dist/fonts/type1/public/amsfonts/cm/cmr12.pfb></usr/share/texlive/texmf-dist/fonts/type1/public/amsfonts/cm/cmr17.pfb></usr/share/texlive/texmf-dist/fonts/type1/public/amsfonts/cm/cmr5.pfb></usr/share/texlive/texmf-dist/fonts/type1/public/amsfonts/cm/cmr7.pfb></usr/share/texlive/texmf-dist/fonts/type1/public/amsfonts/cm/cmr8.pfb></usr/share/texlive/texmf-dist/fonts/type1/public/amsfonts/cm/cmsy10.pfb></usr/share/texlive/texmf-dist/fonts/type1/public/amsfonts/cm/cmsy5.pfb></usr/share/texlive/texmf-dist/fonts/type1/public/amsfonts/cm/cmsy7.pfb></usr/share/texlive/texmf-dist/fonts/type1/public/amsfonts/cm/cmsy8.pfb></usr/share/texlive/texmf-dist/fonts/type1/public/amsfonts/cm/cmti10.pfb></usr/share/texlive/texmf-dist/fonts/type1/public/amsfonts/symbols/msam10.pfb></usr/share/texmf/fonts/type1/public/cm-super/sfrm1000.pfb>
Output written on appendix_1.pdf (181 pages, 4711229 bytes).
PDF statistics:
 918 PDF objects out of 1000 (max. 8388607)
 478 compressed objects within 5 object streams
 0 named destinations out of 1000 (max. 500000)
 511 words of extra memory for PDF output out of 10000 (max. 10000000)

