This is pdfTeX, Version 3.141592653-2.6-1.40.24 (TeX Live 2022/Debian) (preloaded format=pdflatex 2025.8.19)  24 AUG 2025 21:02
entering extended mode
 restricted \write18 enabled.
 file:line:error style messages enabled.
 %&-line parsing enabled.
**strang.tex
(./strang.tex
LaTeX2e <2022-11-01> patch level 1
L3 programming layer <2023-01-16> (/usr/share/texlive/texmf-dist/tex/latex/base/report.cls
Document Class: report 2022/07/02 v1.4n Standard LaTeX document class
(/usr/share/texlive/texmf-dist/tex/latex/base/size10.clo
File: size10.clo 2022/07/02 v1.4n Standard LaTeX file (size option)
)
\c@part=\count185
\c@chapter=\count186
\c@section=\count187
\c@subsection=\count188
\c@subsubsection=\count189
\c@paragraph=\count190
\c@subparagraph=\count191
\c@figure=\count192
\c@table=\count193
\abovecaptionskip=\skip48
\belowcaptionskip=\skip49
\bibindent=\dimen140
) (/usr/share/texlive/texmf-dist/tex/latex/amsmath/amsmath.sty
Package: amsmath 2022/04/08 v2.17n AMS math features
\@mathmargin=\skip50

For additional information on amsmath, use the `?' option.
(/usr/share/texlive/texmf-dist/tex/latex/amsmath/amstext.sty
Package: amstext 2021/08/26 v2.01 AMS text
 (/usr/share/texlive/texmf-dist/tex/latex/amsmath/amsgen.sty
File: amsgen.sty 1999/11/30 v2.0 generic functions
\@emptytoks=\toks16
\ex@=\dimen141
)) (/usr/share/texlive/texmf-dist/tex/latex/amsmath/amsbsy.sty
Package: amsbsy 1999/11/29 v1.2d Bold Symbols
\pmbraise@=\dimen142
) (/usr/share/texlive/texmf-dist/tex/latex/amsmath/amsopn.sty
Package: amsopn 2022/04/08 v2.04 operator names
)
\inf@bad=\count194
LaTeX Info: Redefining \frac on input line 234.
\uproot@=\count195
\leftroot@=\count196
LaTeX Info: Redefining \overline on input line 399.
LaTeX Info: Redefining \colon on input line 410.
\classnum@=\count197
\DOTSCASE@=\count198
LaTeX Info: Redefining \ldots on input line 496.
LaTeX Info: Redefining \dots on input line 499.
LaTeX Info: Redefining \cdots on input line 620.
\Mathstrutbox@=\box51
\strutbox@=\box52
LaTeX Info: Redefining \big on input line 722.
LaTeX Info: Redefining \Big on input line 723.
LaTeX Info: Redefining \bigg on input line 724.
LaTeX Info: Redefining \Bigg on input line 725.
\big@size=\dimen143
LaTeX Font Info:    Redeclaring font encoding OML on input line 743.
LaTeX Font Info:    Redeclaring font encoding OMS on input line 744.
\macc@depth=\count199
LaTeX Info: Redefining \bmod on input line 905.
LaTeX Info: Redefining \pmod on input line 910.
LaTeX Info: Redefining \smash on input line 940.
LaTeX Info: Redefining \relbar on input line 970.
LaTeX Info: Redefining \Relbar on input line 971.
\c@MaxMatrixCols=\count266
\dotsspace@=\muskip16
\c@parentequation=\count267
\dspbrk@lvl=\count268
\tag@help=\toks17
\row@=\count269
\column@=\count270
\maxfields@=\count271
\andhelp@=\toks18
\eqnshift@=\dimen144
\alignsep@=\dimen145
\tagshift@=\dimen146
\tagwidth@=\dimen147
\totwidth@=\dimen148
\lineht@=\dimen149
\@envbody=\toks19
\multlinegap=\skip51
\multlinetaggap=\skip52
\mathdisplay@stack=\toks20
LaTeX Info: Redefining \[ on input line 2953.
LaTeX Info: Redefining \] on input line 2954.
) (/usr/share/texlive/texmf-dist/tex/latex/mathtools/mathtools.sty
Package: mathtools 2022/06/29 v1.29 mathematical typesetting tools
 (/usr/share/texlive/texmf-dist/tex/latex/graphics/keyval.sty
Package: keyval 2022/05/29 v1.15 key=value parser (DPC)
\KV@toks@=\toks21
) (/usr/share/texlive/texmf-dist/tex/latex/tools/calc.sty
Package: calc 2017/05/25 v4.3 Infix arithmetic (KKT,FJ)
\calc@Acount=\count272
\calc@Bcount=\count273
\calc@Adimen=\dimen150
\calc@Bdimen=\dimen151
\calc@Askip=\skip53
\calc@Bskip=\skip54
LaTeX Info: Redefining \setlength on input line 80.
LaTeX Info: Redefining \addtolength on input line 81.
\calc@Ccount=\count274
\calc@Cskip=\skip55
) (/usr/share/texlive/texmf-dist/tex/latex/mathtools/mhsetup.sty
Package: mhsetup 2021/03/18 v1.4 programming setup (MH)
)
\g_MT_multlinerow_int=\count275
\l_MT_multwidth_dim=\dimen152
\origjot=\skip56
\l_MT_shortvdotswithinadjustabove_dim=\dimen153
\l_MT_shortvdotswithinadjustbelow_dim=\dimen154
\l_MT_above_intertext_sep=\dimen155
\l_MT_below_intertext_sep=\dimen156
\l_MT_above_shortintertext_sep=\dimen157
\l_MT_below_shortintertext_sep=\dimen158
\xmathstrut@box=\box53
\xmathstrut@dim=\dimen159
) (/usr/share/texlive/texmf-dist/tex/latex/amsfonts/amssymb.sty
Package: amssymb 2013/01/14 v3.01 AMS font symbols
 (/usr/share/texlive/texmf-dist/tex/latex/amsfonts/amsfonts.sty
Package: amsfonts 2013/01/14 v3.01 Basic AMSFonts support
\symAMSa=\mathgroup4
\symAMSb=\mathgroup5
LaTeX Font Info:    Redeclaring math symbol \hbar on input line 98.
LaTeX Font Info:    Overwriting math alphabet `\mathfrak' in version `bold'
(Font)                  U/euf/m/n --> U/euf/b/n on input line 106.
)) (/usr/share/texlive/texmf-dist/tex/latex/amscls/amsthm.sty
Package: amsthm 2020/05/29 v2.20.6
\thm@style=\toks22
\thm@bodyfont=\toks23
\thm@headfont=\toks24
\thm@notefont=\toks25
\thm@headpunct=\toks26
\thm@preskip=\skip57
\thm@postskip=\skip58
\thm@headsep=\skip59
\dth@everypar=\toks27
) (/usr/share/texlive/texmf-dist/tex/latex/tools/bm.sty
Package: bm 2022/01/05 v1.2f Bold Symbol Support (DPC/FMi)
\symboldoperators=\mathgroup6
\symboldletters=\mathgroup7
\symboldsymbols=\mathgroup8
Package bm Info: No bold for \OMX/cmex/m/n, using \pmb.
Package bm Info: No bold for \U/msa/m/n, using \pmb.
Package bm Info: No bold for \U/msb/m/n, using \pmb.
LaTeX Font Info:    Redeclaring math alphabet \mathbf on input line 149.
) (/usr/share/texlive/texmf-dist/tex/latex/graphics/graphicx.sty
Package: graphicx 2021/09/16 v1.2d Enhanced LaTeX Graphics (DPC,SPQR)
 (/usr/share/texlive/texmf-dist/tex/latex/graphics/graphics.sty
Package: graphics 2022/03/10 v1.4e Standard LaTeX Graphics (DPC,SPQR)
 (/usr/share/texlive/texmf-dist/tex/latex/graphics/trig.sty
Package: trig 2021/08/11 v1.11 sin cos tan (DPC)
) (/usr/share/texlive/texmf-dist/tex/latex/graphics-cfg/graphics.cfg
File: graphics.cfg 2016/06/04 v1.11 sample graphics configuration
)
Package graphics Info: Driver file: pdftex.def on input line 107.
 (/usr/share/texlive/texmf-dist/tex/latex/graphics-def/pdftex.def
File: pdftex.def 2022/09/22 v1.2b Graphics/color driver for pdftex
))
\Gin@req@height=\dimen160
\Gin@req@width=\dimen161
) (/usr/share/texlive/texmf-dist/tex/latex/l3backend/l3backend-pdftex.def
File: l3backend-pdftex.def 2023-01-16 L3 backend support: PDF output (pdfTeX)
\l__color_backend_stack_int=\count276
\l__pdf_internal_box=\box54
) (./strang.aux)
\openout1 = `strang.aux'.

LaTeX Font Info:    Checking defaults for OML/cmm/m/it on input line 12.
LaTeX Font Info:    ... okay on input line 12.
LaTeX Font Info:    Checking defaults for OMS/cmsy/m/n on input line 12.
LaTeX Font Info:    ... okay on input line 12.
LaTeX Font Info:    Checking defaults for OT1/cmr/m/n on input line 12.
LaTeX Font Info:    ... okay on input line 12.
LaTeX Font Info:    Checking defaults for T1/cmr/m/n on input line 12.
LaTeX Font Info:    ... okay on input line 12.
LaTeX Font Info:    Checking defaults for TS1/cmr/m/n on input line 12.
LaTeX Font Info:    ... okay on input line 12.
LaTeX Font Info:    Checking defaults for OMX/cmex/m/n on input line 12.
LaTeX Font Info:    ... okay on input line 12.
LaTeX Font Info:    Checking defaults for U/cmr/m/n on input line 12.
LaTeX Font Info:    ... okay on input line 12.
 (/usr/share/texlive/texmf-dist/tex/context/base/mkii/supp-pdf.mkii
[Loading MPS to PDF converter (version 2006.09.02).]
\scratchcounter=\count277
\scratchdimen=\dimen162
\scratchbox=\box55
\nofMPsegments=\count278
\nofMParguments=\count279
\everyMPshowfont=\toks28
\MPscratchCnt=\count280
\MPscratchDim=\dimen163
\MPnumerator=\count281
\makeMPintoPDFobject=\count282
\everyMPtoPDFconversion=\toks29
) (/usr/share/texlive/texmf-dist/tex/latex/epstopdf-pkg/epstopdf-base.sty
Package: epstopdf-base 2020-01-24 v2.11 Base part for package epstopdf
Package epstopdf-base Info: Redefining graphics rule for `.eps' on input line 485.
 (/usr/share/texlive/texmf-dist/tex/latex/latexconfig/epstopdf-sys.cfg
File: epstopdf-sys.cfg 2010/07/13 v1.3 Configuration of (r)epstopdf for TeX Live
))
LaTeX Font Info:    Trying to load font information for U+msa on input line 13.
 (/usr/share/texlive/texmf-dist/tex/latex/amsfonts/umsa.fd
File: umsa.fd 2013/01/14 v3.01 AMS symbols A
)
LaTeX Font Info:    Trying to load font information for U+msb on input line 13.
 (/usr/share/texlive/texmf-dist/tex/latex/amsfonts/umsb.fd
File: umsb.fd 2013/01/14 v3.01 AMS symbols B
) [1

{/var/lib/texmf/fonts/map/pdftex/updmap/pdftex.map}] (./strang.toc [1

] [2])
\tf@toc=\write3
\openout3 = `strang.toc'.

 [3]
Chapter 1.
<./images//1.png, id=24, 755.82375pt x 271.76532pt>
File: ./images//1.png Graphic file (type png)
<use ./images//1.png>
Package pdftex.def Info: ./images//1.png  used on input line 24.
(pdftex.def)             Requested size: 284.52756pt x 102.30568pt.
<./images//2.png, id=25, 836.3747pt x 268.00125pt>
File: ./images//2.png Graphic file (type png)
<use ./images//2.png>
Package pdftex.def Info: ./images//2.png  used on input line 33.
(pdftex.def)             Requested size: 256.0748pt x 82.05717pt.
[4

 <./images//1.png (PNG copy)> <./images//2.png (PNG copy)>] [5] [6] [7] [8]
<./images//3.png, id=46, 717.43031pt x 155.07938pt>
File: ./images//3.png Graphic file (type png)
<use ./images//3.png>
Package pdftex.def Info: ./images//3.png  used on input line 242.
(pdftex.def)             Requested size: 284.52756pt x 61.50294pt.
<./images//4.png, id=47, 895.84688pt x 602.25pt>
File: ./images//4.png Graphic file (type png)
<use ./images//4.png>
Package pdftex.def Info: ./images//4.png  used on input line 252.
(pdftex.def)             Requested size: 284.52756pt x 191.27197pt.
 [9 <./images//3.png (PNG copy)> <./images//4.png (PNG copy)>]
Chapter 2.
[10

] [11] [12] [13] [14] [15]
<./images//5.png, id=70, 839.38594pt x 98.61844pt>
File: ./images//5.png Graphic file (type png)
<use ./images//5.png>
Package pdftex.def Info: ./images//5.png  used on input line 517.
(pdftex.def)             Requested size: 284.52756pt x 33.42899pt.
<./images//6.png, id=71, 754.31813pt x 144.54pt>
File: ./images//6.png Graphic file (type png)
<use ./images//6.png>
Package pdftex.def Info: ./images//6.png  used on input line 524.
(pdftex.def)             Requested size: 284.52756pt x 54.51994pt.
 [16 <./images//5.png (PNG copy)> <./images//6.png (PNG copy)>]
<./images//7.png, id=75, 886.81313pt x 204.765pt>
File: ./images//7.png Graphic file (type png)
<use ./images//7.png>
Package pdftex.def Info: ./images//7.png  used on input line 545.
(pdftex.def)             Requested size: 284.52756pt x 65.69797pt.
 [17 <./images//7.png (PNG copy)>]
<./images//8.png, id=79, 767.86874pt x 112.92188pt>
File: ./images//8.png Graphic file (type png)
<use ./images//8.png>
Package pdftex.def Info: ./images//8.png  used on input line 554.
(pdftex.def)             Requested size: 284.52756pt x 41.84245pt.
File: ./images//5.png Graphic file (type png)
<use ./images//5.png>
Package pdftex.def Info: ./images//5.png  used on input line 558.
(pdftex.def)             Requested size: 284.52756pt x 33.42899pt.
File: ./images//6.png Graphic file (type png)
<use ./images//6.png>
Package pdftex.def Info: ./images//6.png  used on input line 562.
(pdftex.def)             Requested size: 284.52756pt x 54.51994pt.
 [18 <./images//8.png (PNG copy)>]
<./images//9.png, id=84, 784.43062pt x 147.55125pt>
File: ./images//9.png Graphic file (type png)
<use ./images//9.png>
Package pdftex.def Info: ./images//9.png  used on input line 591.
(pdftex.def)             Requested size: 284.52756pt x 53.51915pt.
<./images//10.png, id=85, 807.7678pt x 138.5175pt>
File: ./images//10.png Graphic file (type png)
<use ./images//10.png>
Package pdftex.def Info: ./images//10.png  used on input line 601.
(pdftex.def)             Requested size: 284.52756pt x 48.79042pt.
<./images//11.png, id=86, 712.91344pt x 153.57375pt>
File: ./images//11.png Graphic file (type png)
<use ./images//11.png>
Package pdftex.def Info: ./images//11.png  used on input line 607.
(pdftex.def)             Requested size: 284.52756pt x 61.29248pt.
 [19 <./images//9.png (PNG copy)> <./images//10.png (PNG copy)> <./images//11.png (PNG copy)>]
<./images//12.png, id=90, 776.9025pt x 111.41624pt>
File: ./images//12.png Graphic file (type png)
<use ./images//12.png>
Package pdftex.def Info: ./images//12.png  used on input line 619.
(pdftex.def)             Requested size: 284.52756pt x 40.80515pt.
<./images//13.png, id=91, 823.57687pt x 292.09125pt>
File: ./images//13.png Graphic file (type png)
<use ./images//13.png>
Package pdftex.def Info: ./images//13.png  used on input line 623.
(pdftex.def)             Requested size: 284.52756pt x 100.90974pt.
<./images//14.png, id=92, 823.57687pt x 109.1578pt>
File: ./images//14.png Graphic file (type png)
<use ./images//14.png>
Package pdftex.def Info: ./images//14.png  used on input line 631.
(pdftex.def)             Requested size: 284.52756pt x 37.7111pt.
 [20 <./images//12.png (PNG copy)> <./images//13.png (PNG copy)> <./images//14.png (PNG copy)>]
<./images//15.png, id=96, 727.96968pt x 104.64093pt>
File: ./images//15.png Graphic file (type png)
<use ./images//15.png>
Package pdftex.def Info: ./images//15.png  used on input line 639.
(pdftex.def)             Requested size: 341.43306pt x 49.08064pt.
<./images//16.png, id=97, 810.02625pt x 140.02313pt>
File: ./images//16.png Graphic file (type png)
<use ./images//16.png>
Package pdftex.def Info: ./images//16.png  used on input line 646.
(pdftex.def)             Requested size: 341.43306pt x 59.02083pt.
<./images//17.png, id=98, 876.27374pt x 114.4275pt>
File: ./images//17.png Graphic file (type png)
<use ./images//17.png>
Package pdftex.def Info: ./images//17.png  used on input line 651.
(pdftex.def)             Requested size: 341.43306pt x 44.58638pt.
<./images//18.png, id=99, 757.32938pt x 107.65219pt>
File: ./images//18.png Graphic file (type png)
<use ./images//18.png>
Package pdftex.def Info: ./images//18.png  used on input line 656.
(pdftex.def)             Requested size: 284.52756pt x 40.44502pt.
<./images//19.png, id=100, 617.30624pt x 114.4275pt>
File: ./images//19.png Graphic file (type png)
<use ./images//19.png>
Package pdftex.def Info: ./images//19.png  used on input line 660.
(pdftex.def)             Requested size: 227.62204pt x 42.19258pt.
 [21 <./images//15.png (PNG copy)> <./images//16.png (PNG copy)> <./images//17.png (PNG copy)> <./images//18.png (PNG copy)> <./images//19.png (PNG copy)>]
<./images//20.png, id=104, 700.86844pt x 36.88782pt>
File: ./images//20.png Graphic file (type png)
<use ./images//20.png>
Package pdftex.def Info: ./images//20.png  used on input line 678.
(pdftex.def)             Requested size: 341.43306pt x 17.97047pt.
<./images//21.png, id=105, 664.73344pt x 39.14626pt>
File: ./images//21.png Graphic file (type png)
<use ./images//21.png>
Package pdftex.def Info: ./images//21.png  used on input line 685.
(pdftex.def)             Requested size: 284.52756pt x 16.75609pt.
 [22 <./images//20.png (PNG copy)> <./images//21.png (PNG copy)>]
Chapter 3.
<./images//25.png, id=112, 798.73407pt x 82.80937pt>
File: ./images//25.png Graphic file (type png)
<use ./images//25.png>
Package pdftex.def Info: ./images//25.png  used on input line 697.
(pdftex.def)             Requested size: 341.43306pt x 35.39883pt.
<./images//26.png, id=113, 909.3975pt x 52.69687pt>
File: ./images//26.png Graphic file (type png)
<use ./images//26.png>
Package pdftex.def Info: ./images//26.png  used on input line 705.
(pdftex.def)             Requested size: 341.43306pt x 19.78539pt.
<./images//27.png, id=114, 717.43031pt x 67.75313pt>
File: ./images//27.png Graphic file (type png)
<use ./images//27.png>
Package pdftex.def Info: ./images//27.png  used on input line 710.
(pdftex.def)             Requested size: 284.52756pt x 26.87021pt.
[23

 <./images//25.png (PNG copy)> <./images//26.png (PNG copy)> <./images//27.png (PNG copy)>]
<./images//28.png, id=118, 639.13782pt x 75.28125pt>
File: ./images//28.png Graphic file (type png)
<use ./images//28.png>
Package pdftex.def Info: ./images//28.png  used on input line 721.
(pdftex.def)             Requested size: 284.52756pt x 33.51324pt.
 [24 <./images//28.png (PNG copy)>]
<./images//30.png, id=123, 748.29562pt x 118.94438pt>
File: ./images//30.png Graphic file (type png)
<use ./images//30.png>
Package pdftex.def Info: ./images//30.png  used on input line 749.
(pdftex.def)             Requested size: 284.52756pt x 45.22655pt.
<./images//29.png, id=124, 807.015pt x 109.1578pt>
File: ./images//29.png Graphic file (type png)
<use ./images//29.png>
Package pdftex.def Info: ./images//29.png  used on input line 762.
(pdftex.def)             Requested size: 341.43306pt x 46.1824pt.
 [25 <./images//30.png (PNG copy)> <./images//29.png (PNG copy)>]
<./images//31.png, id=128, 876.27374pt x 98.61844pt>
File: ./images//31.png Graphic file (type png)
<use ./images//31.png>
Package pdftex.def Info: ./images//31.png  used on input line 769.
(pdftex.def)             Requested size: 341.43306pt x 38.4264pt.
<./images//32.png, id=129, 743.02594pt x 262.73157pt>
File: ./images//32.png Graphic file (type png)
<use ./images//32.png>
Package pdftex.def Info: ./images//32.png  used on input line 781.
(pdftex.def)             Requested size: 284.52756pt x 100.60873pt.
<./images//33.png, id=130, 865.73438pt x 167.87718pt>
File: ./images//33.png Graphic file (type png)
<use ./images//33.png>
Package pdftex.def Info: ./images//33.png  used on input line 785.
(pdftex.def)             Requested size: 341.43306pt x 66.207pt.
<./images//34.png, id=131, 864.98157pt x 85.06781pt>
File: ./images//34.png Graphic file (type png)
<use ./images//34.png>
Package pdftex.def Info: ./images//34.png  used on input line 789.
(pdftex.def)             Requested size: 341.43306pt x 33.57869pt.
 [26 <./images//31.png (PNG copy)> <./images//32.png (PNG copy)> <./images//33.png (PNG copy)> <./images//34.png (PNG copy)>] [27]
<./images//35.png, id=140, 758.08218pt x 134.00063pt>
File: ./images//35.png Graphic file (type png)
<use ./images//35.png>
Package pdftex.def Info: ./images//35.png  used on input line 804.
(pdftex.def)             Requested size: 312.9803pt x 55.32295pt.
<./images//36.png, id=141, 742.27313pt x 151.3153pt>
File: ./images//36.png Graphic file (type png)
<use ./images//36.png>
Package pdftex.def Info: ./images//36.png  used on input line 808.
(pdftex.def)             Requested size: 312.9803pt x 63.80365pt.
<./images//37.png, id=142, 851.43094pt x 126.4725pt>
File: ./images//37.png Graphic file (type png)
<use ./images//37.png>
Package pdftex.def Info: ./images//37.png  used on input line 812.
(pdftex.def)             Requested size: 341.43306pt x 50.71739pt.
<./images//38.png, id=143, 695.59875pt x 82.05656pt>
File: ./images//38.png Graphic file (type png)
<use ./images//38.png>
Package pdftex.def Info: ./images//38.png  used on input line 819.
(pdftex.def)             Requested size: 284.52756pt x 33.56451pt.
<./images//39.png, id=144, 720.44156pt x 125.71968pt>
File: ./images//39.png Graphic file (type png)
<use ./images//39.png>
Package pdftex.def Info: ./images//39.png  used on input line 820.
(pdftex.def)             Requested size: 312.9803pt x 54.61472pt.
 [28 <./images//35.png (PNG copy)> <./images//36.png (PNG copy)> <./images//37.png (PNG copy)> <./images//38.png (PNG copy)> <./images//39.png (PNG copy)>]
<./images//40.png, id=148, 632.3625pt x 82.05656pt>
File: ./images//40.png Graphic file (type png)
<use ./images//40.png>
Package pdftex.def Info: ./images//40.png  used on input line 831.
(pdftex.def)             Requested size: 284.52756pt x 36.92134pt.
<./images//41.png, id=149, 721.19438pt x 191.21437pt>
File: ./images//41.png Graphic file (type png)
<use ./images//41.png>
Package pdftex.def Info: ./images//41.png  used on input line 835.
(pdftex.def)             Requested size: 312.9803pt x 82.98209pt.
<./images//42.png, id=150, 702.82574pt x 238.491pt>
File: ./images//42.png Graphic file (type png)
<use ./images//42.png>
Package pdftex.def Info: ./images//42.png  used on input line 848.
(pdftex.def)             Requested size: 284.52756pt x 96.54828pt.
 [29 <./images//40.png (PNG copy)> <./images//41.png (PNG copy)> <./images//42.png (PNG copy)>]
<./images//43.png, id=154, 760.0395pt x 178.86826pt>
File: ./images//43.png Graphic file (type png)
<use ./images//43.png>
Package pdftex.def Info: ./images//43.png  used on input line 853.
(pdftex.def)             Requested size: 341.43306pt x 80.3535pt.
<./images//44.png, id=155, 829.29825pt x 93.34875pt>
File: ./images//44.png Graphic file (type png)
<use ./images//44.png>
Package pdftex.def Info: ./images//44.png  used on input line 864.
(pdftex.def)             Requested size: 341.43306pt x 38.43275pt.
 [30 <./images//43.png (PNG copy)> <./images//44.png (PNG copy)>]
<./images//45.png, id=160, 667.293pt x 233.673pt>
File: ./images//45.png Graphic file (type png)
<use ./images//45.png>
Package pdftex.def Info: ./images//45.png  used on input line 874.
(pdftex.def)             Requested size: 284.52756pt x 99.63596pt.
 [31 <./images//45.png (PNG copy)>] [32]
<./images//47.png, id=168, 740.16525pt x 89.73524pt>
File: ./images//47.png Graphic file (type png)
<use ./images//47.png>
Package pdftex.def Info: ./images//47.png  used on input line 953.
(pdftex.def)             Requested size: 341.43306pt x 41.3937pt.
<./images//48.png, id=169, 810.6285pt x 87.32625pt>
File: ./images//48.png Graphic file (type png)
<use ./images//48.png>
Package pdftex.def Info: ./images//48.png  used on input line 1002.
(pdftex.def)             Requested size: 341.43306pt x 36.7807pt.
 [33 <./images//47.png (PNG copy)> <./images//48.png (PNG copy)>]
Chapter 4.
<./images//49.png, id=173, 667.293pt x 133.6995pt>
File: ./images//49.png Graphic file (type png)
<use ./images//49.png>
Package pdftex.def Info: ./images//49.png  used on input line 1014.
(pdftex.def)             Requested size: 284.52756pt x 57.0082pt.
<./images//50.png, id=174, 843.15pt x 56.6115pt>
File: ./images//50.png Graphic file (type png)
<use ./images//50.png>
Package pdftex.def Info: ./images//50.png  used on input line 1019.
(pdftex.def)             Requested size: 284.52756pt x 19.10425pt.
[34

 <./images//49.png (PNG copy)> <./images//50.png (PNG copy)>]
<./images//51.png, id=178, 747.39224pt x 62.03175pt>
File: ./images//51.png Graphic file (type png)
<use ./images//51.png>
Package pdftex.def Info: ./images//51.png  used on input line 1028.
(pdftex.def)             Requested size: 284.52756pt x 23.6149pt.
<./images//52.png, id=179, 756.426pt x 109.00725pt>
File: ./images//52.png Graphic file (type png)
<use ./images//52.png>
Package pdftex.def Info: ./images//52.png  used on input line 1036.
(pdftex.def)             Requested size: 284.52756pt x 41.00235pt.
<./images//53.png, id=180, 788.9475pt x 486.618pt>
File: ./images//53.png Graphic file (type png)
<use ./images//53.png>
Package pdftex.def Info: ./images//53.png  used on input line 1044.
(pdftex.def)             Requested size: 278.83708pt x 171.98209pt.
 [35 <./images//51.png (PNG copy)> <./images//52.png (PNG copy)> <./images//53.png (PNG copy)>]
File: ./images//53.png Graphic file (type png)
<use ./images//53.png>
Package pdftex.def Info: ./images//53.png  used on input line 1050.
(pdftex.def)             Requested size: 341.43306pt x 210.59303pt.
 [36]
<./images//60.png, id=190, 581.7735pt x 51.7935pt>
File: ./images//60.png Graphic file (type png)
<use ./images//60.png>
Package pdftex.def Info: ./images//60.png  used on input line 1076.
(pdftex.def)             Requested size: 256.0748pt x 22.7979pt.
<./images//61.png, id=191, 773.289pt x 37.94176pt>
File: ./images//61.png Graphic file (type png)
<use ./images//61.png>
Package pdftex.def Info: ./images//61.png  used on input line 1083.
(pdftex.def)             Requested size: 341.43306pt x 16.7523pt.
 [37 <./images//60.png (PNG copy)> <./images//61.png (PNG copy)>]
<./images//54.png, id=195, 428.19975pt x 219.219pt>
File: ./images//54.png Graphic file (type png)
<use ./images//54.png>
Package pdftex.def Info: ./images//54.png  used on input line 1100.
(pdftex.def)             Requested size: 170.71652pt x 87.39836pt.
<./images//55.png, id=196, 711.8595pt x 93.951pt>
File: ./images//55.png Graphic file (type png)
<use ./images//55.png>
Package pdftex.def Info: ./images//55.png  used on input line 1101.
(pdftex.def)             Requested size: 312.9803pt x 41.30702pt.
<./images//56.png, id=197, 803.4015pt x 168.02776pt>
File: ./images//56.png Graphic file (type png)
<use ./images//56.png>
Package pdftex.def Info: ./images//56.png  used on input line 1105.
(pdftex.def)             Requested size: 341.43306pt x 71.40956pt.
 [38 <./images//54.png (PNG copy)> <./images//55.png (PNG copy)> <./images//56.png (PNG copy)>]
<./images//57.png, id=201, 765.45975pt x 118.64325pt>
File: ./images//57.png Graphic file (type png)
<use ./images//57.png>
Package pdftex.def Info: ./images//57.png  used on input line 1116.
(pdftex.def)             Requested size: 341.43306pt x 52.92189pt.
<./images//58.png, id=202, 802.79926pt x 143.3355pt>
File: ./images//58.png Graphic file (type png)
<use ./images//58.png>
Package pdftex.def Info: ./images//58.png  used on input line 1130.
(pdftex.def)             Requested size: 341.43306pt x 60.96161pt.
 [39 <./images//57.png (PNG copy)> <./images//58.png (PNG copy)>]
<./images//59.png, id=206, 865.43324pt x 420.3705pt>
File: ./images//59.png Graphic file (type png)
<use ./images//59.png>
Package pdftex.def Info: ./images//59.png  used on input line 1144.
(pdftex.def)             Requested size: 341.43306pt x 165.84889pt.
<./images//62.png, id=207, 837.1275pt x 304.13625pt>
File: ./images//62.png Graphic file (type png)
<use ./images//62.png>
Package pdftex.def Info: ./images//62.png  used on input line 1159.
(pdftex.def)             Requested size: 318.67078pt x 115.77252pt.
 [40 <./images//59.png (PNG copy)> <./images//62.png (PNG copy)>] [41]
<./images//63.png, id=214, 735.34724pt x 142.131pt>
File: ./images//63.png Graphic file (type png)
<use ./images//63.png>
Package pdftex.def Info: ./images//63.png  used on input line 1206.
(pdftex.def)             Requested size: 284.52756pt x 54.99277pt.
<./images//64.png, id=215, 632.3625pt x 109.6095pt>
File: ./images//64.png Graphic file (type png)
<use ./images//64.png>
Package pdftex.def Info: ./images//64.png  used on input line 1211.
(pdftex.def)             Requested size: 256.0748pt x 44.38657pt.
<./images//65.png, id=216, 790.152pt x 40.953pt>
File: ./images//65.png Graphic file (type png)
<use ./images//65.png>
Package pdftex.def Info: ./images//65.png  used on input line 1217.
(pdftex.def)             Requested size: 341.43306pt x 17.69629pt.
<./images//66.png, id=217, 650.43pt x 43.96425pt>
File: ./images//66.png Graphic file (type png)
<use ./images//66.png>
Package pdftex.def Info: ./images//66.png  used on input line 1221.
(pdftex.def)             Requested size: 284.52756pt x 19.23228pt.
<./images//67.png, id=218, 832.91174pt x 63.8385pt>
File: ./images//67.png Graphic file (type png)
<use ./images//67.png>
Package pdftex.def Info: ./images//67.png  used on input line 1231.
(pdftex.def)             Requested size: 312.9803pt x 23.98807pt.
 [42 <./images//63.png (PNG copy)> <./images//64.png (PNG copy)> <./images//65.png (PNG copy)> <./images//66.png (PNG copy)> <./images//67.png (PNG copy)>]
<./images//68.png, id=223, 884.103pt x 582.37575pt>
File: ./images//68.png Graphic file (type png)
<use ./images//68.png>
Package pdftex.def Info: ./images//68.png  used on input line 1238.
(pdftex.def)             Requested size: 327.20668pt x 215.53784pt.
<./images//69.png, id=224, 689.57625pt x 37.3395pt>
File: ./images//69.png Graphic file (type png)
<use ./images//69.png>
Package pdftex.def Info: ./images//69.png  used on input line 1245.
(pdftex.def)             Requested size: 284.52756pt x 15.40671pt.
<./images//70.png, id=225, 775.698pt x 102.98476pt>
File: ./images//70.png Graphic file (type png)
<use ./images//70.png>
Package pdftex.def Info: ./images//70.png  used on input line 1249.
(pdftex.def)             Requested size: 284.52756pt x 37.77531pt.
<./images//71.png, id=226, 741.972pt x 68.05424pt>
File: ./images//71.png Graphic file (type png)
<use ./images//71.png>
Package pdftex.def Info: ./images//71.png  used on input line 1253.
(pdftex.def)             Requested size: 284.52756pt x 26.09659pt.
<./images//72.png, id=227, 686.565pt x 60.82726pt>
File: ./images//72.png Graphic file (type png)
<use ./images//72.png>
Package pdftex.def Info: ./images//72.png  used on input line 1257.
(pdftex.def)             Requested size: 284.52756pt x 25.20757pt.
 [43 <./images//68.png (PNG copy)> <./images//69.png (PNG copy)> <./images//70.png (PNG copy)> <./images//71.png (PNG copy)> <./images//72.png (PNG copy)>]
<./images//73.png, id=231, 826.88925pt x 499.26524pt>
File: ./images//73.png Graphic file (type png)
<use ./images//73.png>
Package pdftex.def Info: ./images//73.png  used on input line 1264.
(pdftex.def)             Requested size: 341.43306pt x 206.15514pt.
 [44 <./images//73.png (PNG copy)>]
<./images//74.png, id=235, 616.10175pt x 152.9715pt>
File: ./images//74.png Graphic file (type png)
<use ./images//74.png>
Package pdftex.def Info: ./images//74.png  used on input line 1277.
(pdftex.def)             Requested size: 256.0748pt x 63.58pt.
<./images//75.png, id=236, 784.1295pt x 84.91725pt>
File: ./images//75.png Graphic file (type png)
<use ./images//75.png>
Package pdftex.def Info: ./images//75.png  used on input line 1282.
(pdftex.def)             Requested size: 312.9803pt x 33.89372pt.
<./images//76.png, id=237, 769.6755pt x 114.4275pt>
File: ./images//76.png Graphic file (type png)
<use ./images//76.png>
Package pdftex.def Info: ./images//76.png  used on input line 1286.
(pdftex.def)             Requested size: 312.9803pt x 46.53145pt.
<./images//77.png, id=238, 440.24475pt x 113.82526pt>
File: ./images//77.png Graphic file (type png)
<use ./images//77.png>
Package pdftex.def Info: ./images//77.png  used on input line 1290.
(pdftex.def)             Requested size: 170.71652pt x 44.13808pt.
<./images//78.png, id=239, 558.28575pt x 118.041pt>
File: ./images//78.png Graphic file (type png)
<use ./images//78.png>
Package pdftex.def Info: ./images//78.png  used on input line 1294.
(pdftex.def)             Requested size: 213.39566pt x 45.119pt.
<./images//79.png, id=240, 651.03226pt x 40.35075pt>
File: ./images//79.png Graphic file (type png)
<use ./images//79.png>
Package pdftex.def Info: ./images//79.png  used on input line 1295.
(pdftex.def)             Requested size: 284.52756pt x 17.63554pt.
 [45 <./images//74.png (PNG copy)> <./images//75.png (PNG copy)> <./images//76.png (PNG copy)> <./images//77.png (PNG copy)> <./images//78.png (PNG copy)> <./images//79.png (PNG copy)>]
<./images//80.png, id=244, 832.91174pt x 185.493pt>
File: ./images//80.png Graphic file (type png)
<use ./images//80.png>
Package pdftex.def Info: ./images//80.png  used on input line 1303.
(pdftex.def)             Requested size: 341.43306pt x 76.03847pt.
<./images//81.png, id=245, 702.2235pt x 146.34676pt>
File: ./images//81.png Graphic file (type png)
<use ./images//81.png>
Package pdftex.def Info: ./images//81.png  used on input line 1307.
(pdftex.def)             Requested size: 284.52756pt x 59.2969pt.
<./images//82.png, id=246, 746.18774pt x 40.953pt>
File: ./images//82.png Graphic file (type png)
<use ./images//82.png>
Package pdftex.def Info: ./images//82.png  used on input line 1312.
(pdftex.def)             Requested size: 312.9803pt x 17.17763pt.
 [46 <./images//80.png (PNG copy)> <./images//81.png (PNG copy)> <./images//82.png (PNG copy)>]
<./images//83.png, id=250, 844.95676pt x 169.8345pt>
File: ./images//83.png Graphic file (type png)
<use ./images//83.png>
Package pdftex.def Info: ./images//83.png  used on input line 1331.
(pdftex.def)             Requested size: 341.43306pt x 68.62709pt.
<./images//84.png, id=251, 637.78275pt x 38.544pt>
File: ./images//84.png Graphic file (type png)
<use ./images//84.png>
Package pdftex.def Info: ./images//84.png  used on input line 1335.
(pdftex.def)             Requested size: 312.9803pt x 18.91553pt.
<./images//85.png, id=252, 852.18375pt x 90.93974pt>
File: ./images//85.png Graphic file (type png)
<use ./images//85.png>
Package pdftex.def Info: ./images//85.png  used on input line 1342.
(pdftex.def)             Requested size: 341.43306pt x 36.4363pt.
<./images//86.png, id=253, 797.379pt x 133.6995pt>
File: ./images//86.png Graphic file (type png)
<use ./images//86.png>
Package pdftex.def Info: ./images//86.png  used on input line 1347.
(pdftex.def)             Requested size: 341.43306pt x 57.24892pt.
 [47 <./images//83.png (PNG copy)> <./images//84.png (PNG copy)> <./images//85.png (PNG copy)> <./images//86.png (PNG copy)>]
<./images//87.png, id=257, 569.7285pt x 107.2005pt>
File: ./images//87.png Graphic file (type png)
<use ./images//87.png>
Package pdftex.def Info: ./images//87.png  used on input line 1362.
(pdftex.def)             Requested size: 256.0748pt x 48.18251pt.
<./images//88.png, id=258, 721.4955pt x 92.14426pt>
File: ./images//88.png Graphic file (type png)
<use ./images//88.png>
Package pdftex.def Info: ./images//88.png  used on input line 1371.
(pdftex.def)             Requested size: 312.9803pt x 39.97275pt.
<./images//89.png, id=259, 888.921pt x 387.849pt>
File: ./images//89.png Graphic file (type png)
<use ./images//89.png>
Package pdftex.def Info: ./images//89.png  used on input line 1377.
(pdftex.def)             Requested size: 327.20668pt x 142.76212pt.
 [48 <./images//87.png (PNG copy)> <./images//88.png (PNG copy)> <./images//89.png (PNG copy)>]
<./images//90.png, id=264, 713.66624pt x 138.5175pt>
File: ./images//90.png Graphic file (type png)
<use ./images//90.png>
Package pdftex.def Info: ./images//90.png  used on input line 1421.
(pdftex.def)             Requested size: 312.9803pt x 60.74709pt.
 [49 <./images//90.png (PNG copy)>]
File: ./images//90.png Graphic file (type png)
<use ./images//90.png>
Package pdftex.def Info: ./images//90.png  used on input line 1427.
(pdftex.def)             Requested size: 312.9803pt x 60.74709pt.
<./images//91.png, id=269, 805.20825pt x 119.2455pt>
File: ./images//91.png Graphic file (type png)
<use ./images//91.png>
Package pdftex.def Info: ./images//91.png  used on input line 1435.
(pdftex.def)             Requested size: 341.43306pt x 50.56311pt.
 [50 <./images//91.png (PNG copy)>]
<./images//92.png, id=274, 791.3565pt x 404.712pt>
File: ./images//92.png Graphic file (type png)
<use ./images//92.png>
Package pdftex.def Info: ./images//92.png  used on input line 1460.
(pdftex.def)             Requested size: 341.43306pt x 174.6156pt.
<./images//93.png, id=275, 797.379pt x 84.315pt>
File: ./images//93.png Graphic file (type png)
<use ./images//93.png>
Package pdftex.def Info: ./images//93.png  used on input line 1464.
(pdftex.def)             Requested size: 341.43306pt x 36.10292pt.
 [51 <./images//92.png (PNG copy)> <./images//93.png (PNG copy)>] [52] [53]
Chapter 5.
<./images//94.png, id=285, 680.5425pt x 286.671pt>
File: ./images//94.png Graphic file (type png)
<use ./images//94.png>
Package pdftex.def Info: ./images//94.png  used on input line 1542.
(pdftex.def)             Requested size: 312.9803pt x 131.83963pt.
[54

 <./images//94.png (PNG copy)>] [55]
<./images//95.png, id=293, 740.16525pt x 116.23425pt>
File: ./images//95.png Graphic file (type png)
<use ./images//95.png>
Package pdftex.def Info: ./images//95.png  used on input line 1601.
(pdftex.def)             Requested size: 312.9803pt x 49.1497pt.
<./images//96.png, id=294, 542.62724pt x 39.14626pt>
File: ./images//96.png Graphic file (type png)
<use ./images//96.png>
Package pdftex.def Info: ./images//96.png  used on input line 1611.
(pdftex.def)             Requested size: 256.0748pt x 18.47339pt.
 [56 <./images//95.png (PNG copy)> <./images//96.png (PNG copy)>] [57] [58]
<./images//98.png, id=304, 850.97925pt x 108.405pt>
File: ./images//98.png Graphic file (type png)
<use ./images//98.png>
Package pdftex.def Info: ./images//98.png  used on input line 1879.
(pdftex.def)             Requested size: 341.43306pt x 43.49355pt.
<./images//97.png, id=305, 867.24pt x 142.73325pt>
File: ./images//97.png Graphic file (type png)
<use ./images//97.png>
Package pdftex.def Info: ./images//97.png  used on input line 1889.
(pdftex.def)             Requested size: 341.43306pt x 56.19496pt.
<./images//99.png, id=306, 847.968pt x 150.5625pt>
File: ./images//99.png Graphic file (type png)
<use ./images//99.png>
Package pdftex.def Info: ./images//99.png  used on input line 1893.
(pdftex.def)             Requested size: 341.43306pt x 60.62367pt.
 [59 <./images//98.png (PNG copy)> <./images//97.png (PNG copy)> <./images//99.png (PNG copy)>] [60] [61]
<./images//100.png, id=317, 777.50475pt x 152.9715pt>
File: ./images//100.png Graphic file (type png)
<use ./images//100.png>
Package pdftex.def Info: ./images//100.png  used on input line 2086.
(pdftex.def)             Requested size: 312.9803pt x 61.5773pt.
 [62 <./images//100.png (PNG copy)>] [63]
<./images//101.png, id=324, 688.37175pt x 104.7915pt>
File: ./images//101.png Graphic file (type png)
<use ./images//101.png>
Package pdftex.def Info: ./images//101.png  used on input line 2206.
(pdftex.def)             Requested size: 284.52756pt x 43.31497pt.
<./images//102.png, id=325, 771.48225pt x 59.0205pt>
File: ./images//102.png Graphic file (type png)
<use ./images//102.png>
Package pdftex.def Info: ./images//102.png  used on input line 2210.
(pdftex.def)             Requested size: 312.9803pt x 23.94368pt.
<./images//103.png, id=326, 710.655pt x 98.769pt>
File: ./images//103.png Graphic file (type png)
<use ./images//103.png>
Package pdftex.def Info: ./images//103.png  used on input line 2215.
(pdftex.def)             Requested size: 284.52756pt x 39.54456pt.
<./images//104.png, id=327, 746.18774pt x 195.129pt>
File: ./images//104.png Graphic file (type png)
<use ./images//104.png>
Package pdftex.def Info: ./images//104.png  used on input line 2222.
(pdftex.def)             Requested size: 341.43306pt x 89.287pt.
 [64 <./images//101.png (PNG copy)> <./images//102.png (PNG copy)> <./images//103.png (PNG copy)> <./images//104.png (PNG copy)>]
<./images//105.png, id=331, 652.23676pt x 73.4745pt>
File: ./images//105.png Graphic file (type png)
<use ./images//105.png>
Package pdftex.def Info: ./images//105.png  used on input line 2235.
(pdftex.def)             Requested size: 284.52756pt x 32.05194pt.
<./images//106.png, id=332, 638.98724pt x 72.87225pt>
File: ./images//106.png Graphic file (type png)
<use ./images//106.png>
Package pdftex.def Info: ./images//106.png  used on input line 2239.
(pdftex.def)             Requested size: 284.52756pt x 32.44861pt.
<./images//107.png, id=333, 759.43726pt x 74.07675pt>
File: ./images//107.png Graphic file (type png)
<use ./images//107.png>
Package pdftex.def Info: ./images//107.png  used on input line 2243.
(pdftex.def)             Requested size: 341.43306pt x 33.30484pt.
<./images//108.png, id=334, 767.86874pt x 105.39375pt>
File: ./images//108.png Graphic file (type png)
<use ./images//108.png>
Package pdftex.def Info: ./images//108.png  used on input line 2255.
(pdftex.def)             Requested size: 341.43306pt x 46.86388pt.
<./images//109.png, id=335, 698.61pt x 95.75775pt>
File: ./images//109.png Graphic file (type png)
<use ./images//109.png>
Package pdftex.def Info: ./images//109.png  used on input line 2260.
(pdftex.def)             Requested size: 312.9803pt x 42.90063pt.
 [65 <./images//105.png (PNG copy)> <./images//106.png (PNG copy)> <./images//107.png (PNG copy)> <./images//108.png (PNG copy)> <./images//109.png (PNG copy)>] [66] [67]
<./images//120.png, id=346, 556.479pt x 103.587pt>
File: ./images//120.png Graphic file (type png)
<use ./images//120.png>
Package pdftex.def Info: ./images//120.png  used on input line 2353.
(pdftex.def)             Requested size: 227.62204pt x 42.37135pt.
 [68 <./images//120.png (PNG copy)>]
<./images//121.png, id=350, 486.618pt x 177.0615pt>
File: ./images//121.png Graphic file (type png)
<use ./images//121.png>
Package pdftex.def Info: ./images//121.png  used on input line 2381.
(pdftex.def)             Requested size: 256.0748pt x 93.17749pt.
<./images//122.png, id=351, 371.58826pt x 225.2415pt>
File: ./images//122.png Graphic file (type png)
<use ./images//122.png>
Package pdftex.def Info: ./images//122.png  used on input line 2388.
(pdftex.def)             Requested size: 170.71652pt x 103.48174pt.
 [69 <./images//121.png (PNG copy)> <./images//122.png (PNG copy)>]
<./images//123.png, id=355, 441.44925pt x 355.3275pt>
File: ./images//123.png Graphic file (type png)
<use ./images//123.png>
Package pdftex.def Info: ./images//123.png  used on input line 2395.
(pdftex.def)             Requested size: 142.26378pt x 114.50955pt.
<./images//124.png, id=356, 202.95825pt x 98.769pt>
File: ./images//124.png Graphic file (type png)
<use ./images//124.png>
Package pdftex.def Info: ./images//124.png  used on input line 2406.
(pdftex.def)             Requested size: 85.35826pt x 41.53995pt.
<./images//125.png, id=357, 558.888pt x 482.40225pt>
File: ./images//125.png Graphic file (type png)
<use ./images//125.png>
Package pdftex.def Info: ./images//125.png  used on input line 2414.
(pdftex.def)             Requested size: 170.71652pt x 147.34961pt.
 [70 <./images//123.png (PNG copy)> <./images//124.png (PNG copy)> <./images//125.png (PNG copy)>]
<./images//126.png, id=361, 690.1785pt x 492.03825pt>
File: ./images//126.png Graphic file (type png)
<use ./images//126.png>
Package pdftex.def Info: ./images//126.png  used on input line 2420.
(pdftex.def)             Requested size: 256.0748pt x 182.56183pt.
<./images//127.png, id=362, 299.31825pt x 92.14426pt>
File: ./images//127.png Graphic file (type png)
<use ./images//127.png>
Package pdftex.def Info: ./images//127.png  used on input line 2424.
(pdftex.def)             Requested size: 113.81102pt x 35.03625pt.
<./images//128.png, id=363, 204.16275pt x 103.587pt>
File: ./images//128.png Graphic file (type png)
<use ./images//128.png>
Package pdftex.def Info: ./images//128.png  used on input line 2432.
(pdftex.def)             Requested size: 85.35826pt x 43.30865pt.
 [71 <./images//126.png (PNG copy)> <./images//127.png (PNG copy)> <./images//128.png (PNG copy)>]
<./images//129.png, id=367, 546.24075pt x 488.42474pt>
File: ./images//129.png Graphic file (type png)
<use ./images//129.png>
Package pdftex.def Info: ./images//129.png  used on input line 2442.
(pdftex.def)             Requested size: 199.16928pt x 178.0835pt.
<./images//130.png, id=368, 700.41675pt x 414.95026pt>
File: ./images//130.png Graphic file (type png)
<use ./images//130.png>
Package pdftex.def Info: ./images//130.png  used on input line 2446.
(pdftex.def)             Requested size: 256.0748pt x 151.70567pt.
 [72 <./images//129.png (PNG copy)> <./images//130.png (PNG copy)>]
Chapter 6.
<./images//110.png, id=373, 847.36575pt x 109.6095pt>
File: ./images//110.png Graphic file (type png)
<use ./images//110.png>
Package pdftex.def Info: ./images//110.png  used on input line 2466.
(pdftex.def)             Requested size: 341.43306pt x 44.1658pt.
<./images//111.png, id=374, 847.968pt x 90.93974pt>
File: ./images//111.png Graphic file (type png)
<use ./images//111.png>
Package pdftex.def Info: ./images//111.png  used on input line 2471.
(pdftex.def)             Requested size: 341.43306pt x 36.61668pt.
[73

 <./images//110.png (PNG copy)> <./images//111.png (PNG copy)>]
<./images//112.png, id=378, 855.79726pt x 264.38776pt>
File: ./images//112.png Graphic file (type png)
<use ./images//112.png>
Package pdftex.def Info: ./images//112.png  used on input line 2490.
(pdftex.def)             Requested size: 341.43306pt x 105.48293pt.
 [74 <./images//112.png (PNG copy)>]
<./images//113.png, id=382, 801.59476pt x 84.91725pt>
File: ./images//113.png Graphic file (type png)
<use ./images//113.png>
Package pdftex.def Info: ./images//113.png  used on input line 2531.
(pdftex.def)             Requested size: 341.43306pt x 36.17033pt.
 [75 <./images//113.png (PNG copy)>] [76]
<./images//114.png, id=389, 685.3605pt x 121.05225pt>
File: ./images//114.png Graphic file (type png)
<use ./images//114.png>
Package pdftex.def Info: ./images//114.png  used on input line 2567.
(pdftex.def)             Requested size: 284.52756pt x 50.25421pt.
<./images//115.png, id=390, 695.59875pt x 118.64325pt>
File: ./images//115.png Graphic file (type png)
<use ./images//115.png>
Package pdftex.def Info: ./images//115.png  used on input line 2571.
(pdftex.def)             Requested size: 312.9803pt x 53.38171pt.
<./images//116.png, id=391, 819.06pt x 116.8365pt>
File: ./images//116.png Graphic file (type png)
<use ./images//116.png>
Package pdftex.def Info: ./images//116.png  used on input line 2572.
(pdftex.def)             Requested size: 341.43306pt x 48.70552pt.
<./images//117.png, id=392, 566.115pt x 56.6115pt>
File: ./images//117.png Graphic file (type png)
<use ./images//117.png>
Package pdftex.def Info: ./images//117.png  used on input line 2576.
(pdftex.def)             Requested size: 256.0748pt x 25.60796pt.
<./images//118.png, id=393, 596.2275pt x 36.73724pt>
File: ./images//118.png Graphic file (type png)
<use ./images//118.png>
Package pdftex.def Info: ./images//118.png  used on input line 2580.
(pdftex.def)             Requested size: 256.0748pt x 15.7782pt.
 [77 <./images//114.png (PNG copy)> <./images//115.png (PNG copy)> <./images//116.png (PNG copy)> <./images//117.png (PNG copy)> <./images//118.png (PNG copy)>]
<./images//119.png, id=397, 752.21025pt x 118.64325pt>
File: ./images//119.png Graphic file (type png)
<use ./images//119.png>
Package pdftex.def Info: ./images//119.png  used on input line 2587.
(pdftex.def)             Requested size: 312.9803pt x 49.36636pt.
 [78 <./images//119.png (PNG copy)>] [79]
<./images//131.png, id=405, 319.74pt x 24.09pt>
File: ./images//131.png Graphic file (type png)
<use ./images//131.png>
Package pdftex.def Info: ./images//131.png  used on input line 2657.
(pdftex.def)             Requested size: 341.43306pt x 25.72603pt.
<./images//132.png, id=406, 261.048pt x 14.454pt>
File: ./images//132.png Graphic file (type png)
<use ./images//132.png>
Package pdftex.def Info: ./images//132.png  used on input line 2661.
(pdftex.def)             Requested size: 312.9803pt x 17.33034pt.
 [80 <./images//131.png (PNG copy)> <./images//132.png (PNG copy)>]
<./images//133.png, id=410, 264.552pt x 14.892pt>
File: ./images//133.png Graphic file (type png)
<use ./images//133.png>
Package pdftex.def Info: ./images//133.png  used on input line 2673.
(pdftex.def)             Requested size: 312.9803pt x 17.6192pt.
<./images//134.png, id=411, 314.922pt x 116.508pt>
File: ./images//134.png Graphic file (type png)
<use ./images//134.png>
Package pdftex.def Info: ./images//134.png  used on input line 2677.
(pdftex.def)             Requested size: 341.43306pt x 126.32095pt.
<./images//135.png, id=412, 284.7pt x 47.304pt>
File: ./images//135.png Graphic file (type png)
<use ./images//135.png>
Package pdftex.def Info: ./images//135.png  used on input line 2685.
(pdftex.def)             Requested size: 312.9803pt x 52.00494pt.
 [81 <./images//133.png (PNG copy)> <./images//134.png (PNG copy)> <./images//135.png (PNG copy)>] [82] [83] [84] [85] [86] [87] [88]
Appendix A.
[89

]
<./images//22.png, id=442, 599.23875pt x 103.88812pt>
File: ./images//22.png Graphic file (type png)
<use ./images//22.png>
Package pdftex.def Info: ./images//22.png  used on input line 2989.
(pdftex.def)             Requested size: 284.52756pt x 49.32834pt.
<./images//23.png, id=443, 640.64343pt x 111.41624pt>
File: ./images//23.png Graphic file (type png)
<use ./images//23.png>
Package pdftex.def Info: ./images//23.png  used on input line 2993.
(pdftex.def)             Requested size: 284.52756pt x 49.48401pt.
<./images//24.png, id=444, 613.54219pt x 173.89969pt>
File: ./images//24.png Graphic file (type png)
<use ./images//24.png>
Package pdftex.def Info: ./images//24.png  used on input line 2997.
(pdftex.def)             Requested size: 284.52756pt x 80.64491pt.
 [90 <./images//22.png (PNG copy)> <./images//23.png (PNG copy)> <./images//24.png (PNG copy)>] [91] [92] [93] (./strang.aux) ) 
Here is how much of TeX's memory you used:
 4942 strings out of 476091
 78542 string characters out of 5794081
 1887330 words of memory out of 5000000
 25276 multiletter control sequences out of 15000+600000
 534701 words of font info for 114 fonts, out of 8000000 for 9000
 1141 hyphenation exceptions out of 8191
 57i,21n,62p,235b,272s stack positions out of 10000i,1000n,20000p,200000b,200000s
{/usr/share/texmf/fonts/enc/dvips/cm-super/cm-super-ts1.enc}</usr/share/texlive/texmf-dist/fonts/type1/public/amsfonts/cmextra/cmbsy7.pfb></usr/share/texlive/texmf-dist/fonts/type1/public/amsfonts/cm/cmbx10.pfb></usr/share/texlive/texmf-dist/fonts/type1/public/amsfonts/cm/cmbx12.pfb></usr/share/texlive/texmf-dist/fonts/type1/public/amsfonts/cm/cmbx7.pfb></usr/share/texlive/texmf-dist/fonts/type1/public/amsfonts/cm/cmbx8.pfb></usr/share/texlive/texmf-dist/fonts/type1/public/amsfonts/cm/cmex10.pfb></usr/share/texlive/texmf-dist/fonts/type1/public/amsfonts/cm/cmmi10.pfb></usr/share/texlive/texmf-dist/fonts/type1/public/amsfonts/cm/cmmi7.pfb></usr/share/texlive/texmf-dist/fonts/type1/public/amsfonts/cm/cmmi8.pfb></usr/share/texlive/texmf-dist/fonts/type1/public/amsfonts/cm/cmmib10.pfb></usr/share/texlive/texmf-dist/fonts/type1/public/amsfonts/cmextra/cmmib7.pfb></usr/share/texlive/texmf-dist/fonts/type1/public/amsfonts/cm/cmr10.pfb></usr/share/texlive/texmf-dist/fonts/type1/public/amsfonts/cm/cmr12.pfb></usr/share/texlive/texmf-dist/fonts/type1/public/amsfonts/cm/cmr17.pfb></usr/share/texlive/texmf-dist/fonts/type1/public/amsfonts/cm/cmr7.pfb></usr/share/texlive/texmf-dist/fonts/type1/public/amsfonts/cm/cmr8.pfb></usr/share/texlive/texmf-dist/fonts/type1/public/amsfonts/cm/cmsy10.pfb></usr/share/texlive/texmf-dist/fonts/type1/public/amsfonts/cm/cmsy5.pfb></usr/share/texlive/texmf-dist/fonts/type1/public/amsfonts/cm/cmsy7.pfb></usr/share/texlive/texmf-dist/fonts/type1/public/amsfonts/cm/cmsy8.pfb></usr/share/texlive/texmf-dist/fonts/type1/public/amsfonts/cm/cmti10.pfb></usr/share/texlive/texmf-dist/fonts/type1/public/amsfonts/symbols/msbm10.pfb></usr/share/texmf/fonts/type1/public/cm-super/sfrm1000.pfb>
Output written on strang.pdf (94 pages, 3989322 bytes).
PDF statistics:
 558 PDF objects out of 1000 (max. 8388607)
 279 compressed objects within 3 object streams
 0 named destinations out of 1000 (max. 500000)
 671 words of extra memory for PDF output out of 10000 (max. 10000000)

